Started GET "/login" for ::1 at 2026-05-23 21:48:45 +0530
  [1m[35m (1.6ms)[0m  [1m[35mCREATE TABLE "schema_migrations" ("version" varchar NOT NULL PRIMARY KEY)[0m
  [1m[35m (0.1ms)[0m  [1m[35mCREATE TABLE "ar_internal_metadata" ("key" varchar NOT NULL PRIMARY KEY, "value" varchar, "created_at" datetime(6) NOT NULL, "updated_at" datetime(6) NOT NULL)[0m
  [1m[36mActiveRecord::SchemaMigration Load (0.1ms)[0m  [1m[34mSELECT "schema_migrations"."version" FROM "schema_migrations" ORDER BY "schema_migrations"."version" ASC[0m
  
ActiveRecord::PendingMigrationError (

Migrations are pending. To resolve this issue, run:

        bin/rails db:migrate

You have 3 pending migrations:

db/migrate/20240101000001_create_users.rb
db/migrate/20240101000002_create_projects.rb
db/migrate/20240101000003_create_tasks.rb


):
  
activerecord (7.1.6) lib/active_record/migration.rb:755:in `check_pending_migrations'
activerecord (7.1.6) lib/active_record/migration.rb:644:in `block (2 levels) in call'
activesupport (7.1.6) lib/active_support/file_update_checker.rb:85:in `execute'
activerecord (7.1.6) lib/active_record/migration.rb:649:in `block in call'
activerecord (7.1.6) lib/active_record/migration.rb:641:in `synchronize'
activerecord (7.1.6) lib/active_record/migration.rb:641:in `call'
actionpack (7.1.6) lib/action_dispatch/middleware/callbacks.rb:29:in `block in call'
activesupport (7.1.6) lib/active_support/callbacks.rb:101:in `run_callbacks'
actionpack (7.1.6) lib/action_dispatch/middleware/callbacks.rb:28:in `call'
actionpack (7.1.6) lib/action_dispatch/middleware/executor.rb:14:in `call'
actionpack (7.1.6) lib/action_dispatch/middleware/actionable_exceptions.rb:16:in `call'
actionpack (7.1.6) lib/action_dispatch/middleware/debug_exceptions.rb:29:in `call'
actionpack (7.1.6) lib/action_dispatch/middleware/show_exceptions.rb:31:in `call'
railties (7.1.6) lib/rails/rack/logger.rb:37:in `call_app'
railties (7.1.6) lib/rails/rack/logger.rb:24:in `block in call'
activesupport (7.1.6) lib/active_support/tagged_logging.rb:139:in `block in tagged'
activesupport (7.1.6) lib/active_support/tagged_logging.rb:39:in `tagged'
activesupport (7.1.6) lib/active_support/tagged_logging.rb:139:in `tagged'
activesupport (7.1.6) lib/active_support/broadcast_logger.rb:241:in `method_missing'
railties (7.1.6) lib/rails/rack/logger.rb:24:in `call'
actionpack (7.1.6) lib/action_dispatch/middleware/remote_ip.rb:92:in `call'
actionpack (7.1.6) lib/action_dispatch/middleware/request_id.rb:28:in `call'
rack (3.2.6) lib/rack/runtime.rb:24:in `call'
activesupport (7.1.6) lib/active_support/cache/strategy/local_cache_middleware.rb:29:in `call'
actionpack (7.1.6) lib/action_dispatch/middleware/server_timing.rb:59:in `block in call'
actionpack (7.1.6) lib/action_dispatch/middleware/server_timing.rb:24:in `collect_events'
actionpack (7.1.6) lib/action_dispatch/middleware/server_timing.rb:58:in `call'
actionpack (7.1.6) lib/action_dispatch/middleware/executor.rb:14:in `call'
actionpack (7.1.6) lib/action_dispatch/middleware/static.rb:25:in `call'
rack (3.2.6) lib/rack/sendfile.rb:131:in `call'
actionpack (7.1.6) lib/action_dispatch/middleware/host_authorization.rb:141:in `call'
rack-cors (3.0.0) lib/rack/cors.rb:102:in `call'
railties (7.1.6) lib/rails/engine.rb:536:in `call'
puma (6.6.1) lib/puma/configuration.rb:279:in `call'
puma (6.6.1) lib/puma/request.rb:99:in `block in handle_request'
puma (6.6.1) lib/puma/thread_pool.rb:390:in `with_force_shutdown'
puma (6.6.1) lib/puma/request.rb:98:in `handle_request'
puma (6.6.1) lib/puma/server.rb:472:in `process_client'
puma (6.6.1) lib/puma/server.rb:254:in `block in run'
puma (6.6.1) lib/puma/thread_pool.rb:167:in `block in spawn_thread'
Started GET "/favicon.ico" for ::1 at 2026-05-23 21:48:46 +0530
  [1m[36mActiveRecord::SchemaMigration Load (0.1ms)[0m  [1m[34mSELECT "schema_migrations"."version" FROM "schema_migrations" ORDER BY "schema_migrations"."version" ASC[0m
  
ActiveRecord::PendingMigrationError (

Migrations are pending. To resolve this issue, run:

        bin/rails db:migrate

You have 3 pending migrations:

db/migrate/20240101000001_create_users.rb
db/migrate/20240101000002_create_projects.rb
db/migrate/20240101000003_create_tasks.rb


):
  
activerecord (7.1.6) lib/active_record/migration.rb:755:in `check_pending_migrations'
activerecord (7.1.6) lib/active_record/migration.rb:644:in `block (2 levels) in call'
activesupport (7.1.6) lib/active_support/file_update_checker.rb:85:in `execute'
activerecord (7.1.6) lib/active_record/migration.rb:649:in `block in call'
activerecord (7.1.6) lib/active_record/migration.rb:641:in `synchronize'
activerecord (7.1.6) lib/active_record/migration.rb:641:in `call'
actionpack (7.1.6) lib/action_dispatch/middleware/callbacks.rb:29:in `block in call'
activesupport (7.1.6) lib/active_support/callbacks.rb:101:in `run_callbacks'
actionpack (7.1.6) lib/action_dispatch/middleware/callbacks.rb:28:in `call'
actionpack (7.1.6) lib/action_dispatch/middleware/executor.rb:14:in `call'
actionpack (7.1.6) lib/action_dispatch/middleware/actionable_exceptions.rb:16:in `call'
actionpack (7.1.6) lib/action_dispatch/middleware/debug_exceptions.rb:29:in `call'
actionpack (7.1.6) lib/action_dispatch/middleware/show_exceptions.rb:31:in `call'
railties (7.1.6) lib/rails/rack/logger.rb:37:in `call_app'
railties (7.1.6) lib/rails/rack/logger.rb:24:in `block in call'
activesupport (7.1.6) lib/active_support/tagged_logging.rb:139:in `block in tagged'
activesupport (7.1.6) lib/active_support/tagged_logging.rb:39:in `tagged'
activesupport (7.1.6) lib/active_support/tagged_logging.rb:139:in `tagged'
activesupport (7.1.6) lib/active_support/broadcast_logger.rb:241:in `method_missing'
railties (7.1.6) lib/rails/rack/logger.rb:24:in `call'
actionpack (7.1.6) lib/action_dispatch/middleware/remote_ip.rb:92:in `call'
actionpack (7.1.6) lib/action_dispatch/middleware/request_id.rb:28:in `call'
rack (3.2.6) lib/rack/runtime.rb:24:in `call'
activesupport (7.1.6) lib/active_support/cache/strategy/local_cache_middleware.rb:29:in `call'
actionpack (7.1.6) lib/action_dispatch/middleware/server_timing.rb:59:in `block in call'
actionpack (7.1.6) lib/action_dispatch/middleware/server_timing.rb:24:in `collect_events'
actionpack (7.1.6) lib/action_dispatch/middleware/server_timing.rb:58:in `call'
actionpack (7.1.6) lib/action_dispatch/middleware/executor.rb:14:in `call'
actionpack (7.1.6) lib/action_dispatch/middleware/static.rb:25:in `call'
rack (3.2.6) lib/rack/sendfile.rb:131:in `call'
actionpack (7.1.6) lib/action_dispatch/middleware/host_authorization.rb:141:in `call'
rack-cors (3.0.0) lib/rack/cors.rb:102:in `call'
railties (7.1.6) lib/rails/engine.rb:536:in `call'
puma (6.6.1) lib/puma/configuration.rb:279:in `call'
puma (6.6.1) lib/puma/request.rb:99:in `block in handle_request'
puma (6.6.1) lib/puma/thread_pool.rb:390:in `with_force_shutdown'
puma (6.6.1) lib/puma/request.rb:98:in `handle_request'
puma (6.6.1) lib/puma/server.rb:472:in `process_client'
puma (6.6.1) lib/puma/server.rb:254:in `block in run'
puma (6.6.1) lib/puma/thread_pool.rb:167:in `block in spawn_thread'
Started GET "/login" for ::1 at 2026-05-23 21:48:47 +0530
  [1m[36mActiveRecord::SchemaMigration Load (0.0ms)[0m  [1m[34mSELECT "schema_migrations"."version" FROM "schema_migrations" ORDER BY "schema_migrations"."version" ASC[0m
  
ActiveRecord::PendingMigrationError (

Migrations are pending. To resolve this issue, run:

        bin/rails db:migrate

You have 3 pending migrations:

db/migrate/20240101000001_create_users.rb
db/migrate/20240101000002_create_projects.rb
db/migrate/20240101000003_create_tasks.rb


):
  
activerecord (7.1.6) lib/active_record/migration.rb:755:in `check_pending_migrations'
activerecord (7.1.6) lib/active_record/migration.rb:644:in `block (2 levels) in call'
activesupport (7.1.6) lib/active_support/file_update_checker.rb:85:in `execute'
activerecord (7.1.6) lib/active_record/migration.rb:649:in `block in call'
activerecord (7.1.6) lib/active_record/migration.rb:641:in `synchronize'
activerecord (7.1.6) lib/active_record/migration.rb:641:in `call'
actionpack (7.1.6) lib/action_dispatch/middleware/callbacks.rb:29:in `block in call'
activesupport (7.1.6) lib/active_support/callbacks.rb:101:in `run_callbacks'
actionpack (7.1.6) lib/action_dispatch/middleware/callbacks.rb:28:in `call'
actionpack (7.1.6) lib/action_dispatch/middleware/executor.rb:14:in `call'
actionpack (7.1.6) lib/action_dispatch/middleware/actionable_exceptions.rb:16:in `call'
actionpack (7.1.6) lib/action_dispatch/middleware/debug_exceptions.rb:29:in `call'
actionpack (7.1.6) lib/action_dispatch/middleware/show_exceptions.rb:31:in `call'
railties (7.1.6) lib/rails/rack/logger.rb:37:in `call_app'
railties (7.1.6) lib/rails/rack/logger.rb:24:in `block in call'
activesupport (7.1.6) lib/active_support/tagged_logging.rb:139:in `block in tagged'
activesupport (7.1.6) lib/active_support/tagged_logging.rb:39:in `tagged'
activesupport (7.1.6) lib/active_support/tagged_logging.rb:139:in `tagged'
activesupport (7.1.6) lib/active_support/broadcast_logger.rb:241:in `method_missing'
railties (7.1.6) lib/rails/rack/logger.rb:24:in `call'
actionpack (7.1.6) lib/action_dispatch/middleware/remote_ip.rb:92:in `call'
actionpack (7.1.6) lib/action_dispatch/middleware/request_id.rb:28:in `call'
rack (3.2.6) lib/rack/runtime.rb:24:in `call'
activesupport (7.1.6) lib/active_support/cache/strategy/local_cache_middleware.rb:29:in `call'
actionpack (7.1.6) lib/action_dispatch/middleware/server_timing.rb:59:in `block in call'
actionpack (7.1.6) lib/action_dispatch/middleware/server_timing.rb:24:in `collect_events'
actionpack (7.1.6) lib/action_dispatch/middleware/server_timing.rb:58:in `call'
actionpack (7.1.6) lib/action_dispatch/middleware/executor.rb:14:in `call'
actionpack (7.1.6) lib/action_dispatch/middleware/static.rb:25:in `call'
rack (3.2.6) lib/rack/sendfile.rb:131:in `call'
actionpack (7.1.6) lib/action_dispatch/middleware/host_authorization.rb:141:in `call'
rack-cors (3.0.0) lib/rack/cors.rb:102:in `call'
railties (7.1.6) lib/rails/engine.rb:536:in `call'
puma (6.6.1) lib/puma/configuration.rb:279:in `call'
puma (6.6.1) lib/puma/request.rb:99:in `block in handle_request'
puma (6.6.1) lib/puma/thread_pool.rb:390:in `with_force_shutdown'
puma (6.6.1) lib/puma/request.rb:98:in `handle_request'
puma (6.6.1) lib/puma/server.rb:472:in `process_client'
puma (6.6.1) lib/puma/server.rb:254:in `block in run'
puma (6.6.1) lib/puma/thread_pool.rb:167:in `block in spawn_thread'
Started GET "/favicon.ico" for ::1 at 2026-05-23 21:48:47 +0530
  [1m[36mActiveRecord::SchemaMigration Load (0.1ms)[0m  [1m[34mSELECT "schema_migrations"."version" FROM "schema_migrations" ORDER BY "schema_migrations"."version" ASC[0m
  
ActiveRecord::PendingMigrationError (

Migrations are pending. To resolve this issue, run:

        bin/rails db:migrate

You have 3 pending migrations:

db/migrate/20240101000001_create_users.rb
db/migrate/20240101000002_create_projects.rb
db/migrate/20240101000003_create_tasks.rb


):
  
activerecord (7.1.6) lib/active_record/migration.rb:755:in `check_pending_migrations'
activerecord (7.1.6) lib/active_record/migration.rb:644:in `block (2 levels) in call'
activesupport (7.1.6) lib/active_support/file_update_checker.rb:85:in `execute'
activerecord (7.1.6) lib/active_record/migration.rb:649:in `block in call'
activerecord (7.1.6) lib/active_record/migration.rb:641:in `synchronize'
activerecord (7.1.6) lib/active_record/migration.rb:641:in `call'
actionpack (7.1.6) lib/action_dispatch/middleware/callbacks.rb:29:in `block in call'
activesupport (7.1.6) lib/active_support/callbacks.rb:101:in `run_callbacks'
actionpack (7.1.6) lib/action_dispatch/middleware/callbacks.rb:28:in `call'
actionpack (7.1.6) lib/action_dispatch/middleware/executor.rb:14:in `call'
actionpack (7.1.6) lib/action_dispatch/middleware/actionable_exceptions.rb:16:in `call'
actionpack (7.1.6) lib/action_dispatch/middleware/debug_exceptions.rb:29:in `call'
actionpack (7.1.6) lib/action_dispatch/middleware/show_exceptions.rb:31:in `call'
railties (7.1.6) lib/rails/rack/logger.rb:37:in `call_app'
railties (7.1.6) lib/rails/rack/logger.rb:24:in `block in call'
activesupport (7.1.6) lib/active_support/tagged_logging.rb:139:in `block in tagged'
activesupport (7.1.6) lib/active_support/tagged_logging.rb:39:in `tagged'
activesupport (7.1.6) lib/active_support/tagged_logging.rb:139:in `tagged'
activesupport (7.1.6) lib/active_support/broadcast_logger.rb:241:in `method_missing'
railties (7.1.6) lib/rails/rack/logger.rb:24:in `call'
actionpack (7.1.6) lib/action_dispatch/middleware/remote_ip.rb:92:in `call'
actionpack (7.1.6) lib/action_dispatch/middleware/request_id.rb:28:in `call'
rack (3.2.6) lib/rack/runtime.rb:24:in `call'
activesupport (7.1.6) lib/active_support/cache/strategy/local_cache_middleware.rb:29:in `call'
actionpack (7.1.6) lib/action_dispatch/middleware/server_timing.rb:59:in `block in call'
actionpack (7.1.6) lib/action_dispatch/middleware/server_timing.rb:24:in `collect_events'
actionpack (7.1.6) lib/action_dispatch/middleware/server_timing.rb:58:in `call'
actionpack (7.1.6) lib/action_dispatch/middleware/executor.rb:14:in `call'
actionpack (7.1.6) lib/action_dispatch/middleware/static.rb:25:in `call'
rack (3.2.6) lib/rack/sendfile.rb:131:in `call'
actionpack (7.1.6) lib/action_dispatch/middleware/host_authorization.rb:141:in `call'
rack-cors (3.0.0) lib/rack/cors.rb:102:in `call'
railties (7.1.6) lib/rails/engine.rb:536:in `call'
puma (6.6.1) lib/puma/configuration.rb:279:in `call'
puma (6.6.1) lib/puma/request.rb:99:in `block in handle_request'
puma (6.6.1) lib/puma/thread_pool.rb:390:in `with_force_shutdown'
puma (6.6.1) lib/puma/request.rb:98:in `handle_request'
puma (6.6.1) lib/puma/server.rb:472:in `process_client'
puma (6.6.1) lib/puma/server.rb:254:in `block in run'
puma (6.6.1) lib/puma/thread_pool.rb:167:in `block in spawn_thread'
Started POST "/rails/actions" for ::1 at 2026-05-23 21:48:49 +0530
  [1m[36mActiveRecord::InternalMetadata Load (0.1ms)[0m  [1m[34mSELECT * FROM "ar_internal_metadata" WHERE "ar_internal_metadata"."key" = ? ORDER BY "ar_internal_metadata"."key" ASC LIMIT 1[0m  [[nil, "environment"]]
  [1m[36mActiveRecord::InternalMetadata Create (1.2ms)[0m  [1m[32mINSERT INTO "ar_internal_metadata" ("key", "value", "created_at", "updated_at") VALUES ('environment', 'development', '2026-05-23 16:18:49.380171', '2026-05-23 16:18:49.380176') RETURNING "key"[0m
  [1m[36mActiveRecord::SchemaMigration Load (0.1ms)[0m  [1m[34mSELECT "schema_migrations"."version" FROM "schema_migrations" ORDER BY "schema_migrations"."version" ASC[0m
Migrating to CreateUsers (20240101000001)
  [1m[36mTRANSACTION (0.1ms)[0m  [1m[36mbegin transaction[0m
  [1m[35m (1.0ms)[0m  [1m[35mCREATE TABLE "users" ("id" integer PRIMARY KEY AUTOINCREMENT NOT NULL, "name" varchar NOT NULL, "email" varchar NOT NULL, "password_digest" varchar NOT NULL, "role" varchar DEFAULT 'employee' NOT NULL, "auth_token" varchar, "created_at" datetime(6) NOT NULL, "updated_at" datetime(6) NOT NULL)[0m
  [1m[35m (0.1ms)[0m  [1m[35mCREATE UNIQUE INDEX "index_users_on_email" ON "users" ("email")[0m
  [1m[35m (0.1ms)[0m  [1m[35mCREATE UNIQUE INDEX "index_users_on_auth_token" ON "users" ("auth_token")[0m
  [1m[36mActiveRecord::SchemaMigration Create (0.1ms)[0m  [1m[32mINSERT INTO "schema_migrations" ("version") VALUES ('20240101000001') RETURNING "version"[0m
  [1m[36mTRANSACTION (0.1ms)[0m  [1m[36mcommit transaction[0m
Migrating to CreateProjects (20240101000002)
  [1m[36mTRANSACTION (0.0ms)[0m  [1m[36mbegin transaction[0m
  [1m[35m (0.8ms)[0m  [1m[35mCREATE TABLE "projects" ("id" integer PRIMARY KEY AUTOINCREMENT NOT NULL, "name" varchar NOT NULL, "description" text, "status" varchar DEFAULT 'active' NOT NULL, "manager_id" integer NOT NULL, "created_at" datetime(6) NOT NULL, "updated_at" datetime(6) NOT NULL, CONSTRAINT "fk_rails_2f33b24e0d"
FOREIGN KEY ("manager_id")
  REFERENCES "users" ("id")
)[0m
  [1m[35m (0.1ms)[0m  [1m[35mCREATE INDEX "index_projects_on_manager_id" ON "projects" ("manager_id")[0m
  [1m[35m (0.1ms)[0m  [1m[35mCREATE INDEX "index_projects_on_status" ON "projects" ("status")[0m
  [1m[35m (0.3ms)[0m  [1m[35mCREATE INDEX "index_projects_on_manager_id" ON "projects" ("manager_id")[0m
  [1m[36mTRANSACTION (0.1ms)[0m  [1m[31mrollback transaction[0m
  
StandardError (An error has occurred, this and all later migrations canceled:

SQLite3::SQLException: index index_projects_on_manager_id already exists):
  
Started GET "/favicon.ico" for ::1 at 2026-05-23 21:48:49 +0530
  [1m[36mActiveRecord::SchemaMigration Load (0.1ms)[0m  [1m[34mSELECT "schema_migrations"."version" FROM "schema_migrations" ORDER BY "schema_migrations"."version" ASC[0m
  
ActiveRecord::PendingMigrationError (

Migrations are pending. To resolve this issue, run:

        bin/rails db:migrate

You have 2 pending migrations:

db/migrate/20240101000002_create_projects.rb
db/migrate/20240101000003_create_tasks.rb


):
  
activerecord (7.1.6) lib/active_record/migration.rb:755:in `check_pending_migrations'
activerecord (7.1.6) lib/active_record/migration.rb:644:in `block (2 levels) in call'
activesupport (7.1.6) lib/active_support/file_update_checker.rb:85:in `execute'
activerecord (7.1.6) lib/active_record/migration.rb:649:in `block in call'
activerecord (7.1.6) lib/active_record/migration.rb:641:in `synchronize'
activerecord (7.1.6) lib/active_record/migration.rb:641:in `call'
actionpack (7.1.6) lib/action_dispatch/middleware/callbacks.rb:29:in `block in call'
activesupport (7.1.6) lib/active_support/callbacks.rb:101:in `run_callbacks'
actionpack (7.1.6) lib/action_dispatch/middleware/callbacks.rb:28:in `call'
actionpack (7.1.6) lib/action_dispatch/middleware/executor.rb:14:in `call'
actionpack (7.1.6) lib/action_dispatch/middleware/actionable_exceptions.rb:16:in `call'
actionpack (7.1.6) lib/action_dispatch/middleware/debug_exceptions.rb:29:in `call'
actionpack (7.1.6) lib/action_dispatch/middleware/show_exceptions.rb:31:in `call'
railties (7.1.6) lib/rails/rack/logger.rb:37:in `call_app'
railties (7.1.6) lib/rails/rack/logger.rb:24:in `block in call'
activesupport (7.1.6) lib/active_support/tagged_logging.rb:139:in `block in tagged'
activesupport (7.1.6) lib/active_support/tagged_logging.rb:39:in `tagged'
activesupport (7.1.6) lib/active_support/tagged_logging.rb:139:in `tagged'
activesupport (7.1.6) lib/active_support/broadcast_logger.rb:241:in `method_missing'
railties (7.1.6) lib/rails/rack/logger.rb:24:in `call'
actionpack (7.1.6) lib/action_dispatch/middleware/remote_ip.rb:92:in `call'
actionpack (7.1.6) lib/action_dispatch/middleware/request_id.rb:28:in `call'
rack (3.2.6) lib/rack/runtime.rb:24:in `call'
activesupport (7.1.6) lib/active_support/cache/strategy/local_cache_middleware.rb:29:in `call'
actionpack (7.1.6) lib/action_dispatch/middleware/server_timing.rb:59:in `block in call'
actionpack (7.1.6) lib/action_dispatch/middleware/server_timing.rb:24:in `collect_events'
actionpack (7.1.6) lib/action_dispatch/middleware/server_timing.rb:58:in `call'
actionpack (7.1.6) lib/action_dispatch/middleware/executor.rb:14:in `call'
actionpack (7.1.6) lib/action_dispatch/middleware/static.rb:25:in `call'
rack (3.2.6) lib/rack/sendfile.rb:131:in `call'
actionpack (7.1.6) lib/action_dispatch/middleware/host_authorization.rb:141:in `call'
rack-cors (3.0.0) lib/rack/cors.rb:102:in `call'
railties (7.1.6) lib/rails/engine.rb:536:in `call'
puma (6.6.1) lib/puma/configuration.rb:279:in `call'
puma (6.6.1) lib/puma/request.rb:99:in `block in handle_request'
puma (6.6.1) lib/puma/thread_pool.rb:390:in `with_force_shutdown'
puma (6.6.1) lib/puma/request.rb:98:in `handle_request'
puma (6.6.1) lib/puma/server.rb:472:in `process_client'
puma (6.6.1) lib/puma/server.rb:254:in `block in run'
puma (6.6.1) lib/puma/thread_pool.rb:167:in `block in spawn_thread'
Started POST "/rails/actions" for ::1 at 2026-05-23 21:48:54 +0530
  [1m[36mActiveRecord::InternalMetadata Load (0.1ms)[0m  [1m[34mSELECT * FROM "ar_internal_metadata" WHERE "ar_internal_metadata"."key" = ? ORDER BY "ar_internal_metadata"."key" ASC LIMIT 1[0m  [[nil, "environment"]]
  [1m[36mActiveRecord::SchemaMigration Load (0.1ms)[0m  [1m[34mSELECT "schema_migrations"."version" FROM "schema_migrations" ORDER BY "schema_migrations"."version" ASC[0m
Migrating to CreateProjects (20240101000002)
  [1m[36mTRANSACTION (0.1ms)[0m  [1m[36mbegin transaction[0m
  [1m[35m (1.6ms)[0m  [1m[35mCREATE TABLE "projects" ("id" integer PRIMARY KEY AUTOINCREMENT NOT NULL, "name" varchar NOT NULL, "description" text, "status" varchar DEFAULT 'active' NOT NULL, "manager_id" integer NOT NULL, "created_at" datetime(6) NOT NULL, "updated_at" datetime(6) NOT NULL, CONSTRAINT "fk_rails_2f33b24e0d"
FOREIGN KEY ("manager_id")
  REFERENCES "users" ("id")
)[0m
  [1m[35m (0.3ms)[0m  [1m[35mCREATE INDEX "index_projects_on_manager_id" ON "projects" ("manager_id")[0m
  [1m[35m (0.1ms)[0m  [1m[35mCREATE INDEX "index_projects_on_status" ON "projects" ("status")[0m
  [1m[35m (0.1ms)[0m  [1m[35mCREATE INDEX "index_projects_on_manager_id" ON "projects" ("manager_id")[0m
  [1m[36mTRANSACTION (0.1ms)[0m  [1m[31mrollback transaction[0m
  
StandardError (An error has occurred, this and all later migrations canceled:

SQLite3::SQLException: index index_projects_on_manager_id already exists):
  
Started GET "/favicon.ico" for ::1 at 2026-05-23 21:48:55 +0530
  [1m[36mActiveRecord::SchemaMigration Load (0.1ms)[0m  [1m[34mSELECT "schema_migrations"."version" FROM "schema_migrations" ORDER BY "schema_migrations"."version" ASC[0m
  
ActiveRecord::PendingMigrationError (

Migrations are pending. To resolve this issue, run:

        bin/rails db:migrate

You have 2 pending migrations:

db/migrate/20240101000002_create_projects.rb
db/migrate/20240101000003_create_tasks.rb


):
  
activerecord (7.1.6) lib/active_record/migration.rb:755:in `check_pending_migrations'
activerecord (7.1.6) lib/active_record/migration.rb:644:in `block (2 levels) in call'
activesupport (7.1.6) lib/active_support/file_update_checker.rb:85:in `execute'
activerecord (7.1.6) lib/active_record/migration.rb:649:in `block in call'
activerecord (7.1.6) lib/active_record/migration.rb:641:in `synchronize'
activerecord (7.1.6) lib/active_record/migration.rb:641:in `call'
actionpack (7.1.6) lib/action_dispatch/middleware/callbacks.rb:29:in `block in call'
activesupport (7.1.6) lib/active_support/callbacks.rb:101:in `run_callbacks'
actionpack (7.1.6) lib/action_dispatch/middleware/callbacks.rb:28:in `call'
actionpack (7.1.6) lib/action_dispatch/middleware/executor.rb:14:in `call'
actionpack (7.1.6) lib/action_dispatch/middleware/actionable_exceptions.rb:16:in `call'
actionpack (7.1.6) lib/action_dispatch/middleware/debug_exceptions.rb:29:in `call'
actionpack (7.1.6) lib/action_dispatch/middleware/show_exceptions.rb:31:in `call'
railties (7.1.6) lib/rails/rack/logger.rb:37:in `call_app'
railties (7.1.6) lib/rails/rack/logger.rb:24:in `block in call'
activesupport (7.1.6) lib/active_support/tagged_logging.rb:139:in `block in tagged'
activesupport (7.1.6) lib/active_support/tagged_logging.rb:39:in `tagged'
activesupport (7.1.6) lib/active_support/tagged_logging.rb:139:in `tagged'
activesupport (7.1.6) lib/active_support/broadcast_logger.rb:241:in `method_missing'
railties (7.1.6) lib/rails/rack/logger.rb:24:in `call'
actionpack (7.1.6) lib/action_dispatch/middleware/remote_ip.rb:92:in `call'
actionpack (7.1.6) lib/action_dispatch/middleware/request_id.rb:28:in `call'
rack (3.2.6) lib/rack/runtime.rb:24:in `call'
activesupport (7.1.6) lib/active_support/cache/strategy/local_cache_middleware.rb:29:in `call'
actionpack (7.1.6) lib/action_dispatch/middleware/server_timing.rb:59:in `block in call'
actionpack (7.1.6) lib/action_dispatch/middleware/server_timing.rb:24:in `collect_events'
actionpack (7.1.6) lib/action_dispatch/middleware/server_timing.rb:58:in `call'
actionpack (7.1.6) lib/action_dispatch/middleware/executor.rb:14:in `call'
actionpack (7.1.6) lib/action_dispatch/middleware/static.rb:25:in `call'
rack (3.2.6) lib/rack/sendfile.rb:131:in `call'
actionpack (7.1.6) lib/action_dispatch/middleware/host_authorization.rb:141:in `call'
rack-cors (3.0.0) lib/rack/cors.rb:102:in `call'
railties (7.1.6) lib/rails/engine.rb:536:in `call'
puma (6.6.1) lib/puma/configuration.rb:279:in `call'
puma (6.6.1) lib/puma/request.rb:99:in `block in handle_request'
puma (6.6.1) lib/puma/thread_pool.rb:390:in `with_force_shutdown'
puma (6.6.1) lib/puma/request.rb:98:in `handle_request'
puma (6.6.1) lib/puma/server.rb:472:in `process_client'
puma (6.6.1) lib/puma/server.rb:254:in `block in run'
puma (6.6.1) lib/puma/thread_pool.rb:167:in `block in spawn_thread'
Started POST "/rails/actions" for ::1 at 2026-05-23 21:49:10 +0530
  [1m[36mActiveRecord::InternalMetadata Load (0.1ms)[0m  [1m[34mSELECT * FROM "ar_internal_metadata" WHERE "ar_internal_metadata"."key" = ? ORDER BY "ar_internal_metadata"."key" ASC LIMIT 1[0m  [[nil, "environment"]]
  [1m[36mActiveRecord::SchemaMigration Load (0.1ms)[0m  [1m[34mSELECT "schema_migrations"."version" FROM "schema_migrations" ORDER BY "schema_migrations"."version" ASC[0m
Migrating to CreateProjects (20240101000002)
  [1m[36mTRANSACTION (0.1ms)[0m  [1m[36mbegin transaction[0m
  [1m[35m (1.7ms)[0m  [1m[35mCREATE TABLE "projects" ("id" integer PRIMARY KEY AUTOINCREMENT NOT NULL, "name" varchar NOT NULL, "description" text, "status" varchar DEFAULT 'active' NOT NULL, "manager_id" integer NOT NULL, "created_at" datetime(6) NOT NULL, "updated_at" datetime(6) NOT NULL, CONSTRAINT "fk_rails_2f33b24e0d"
FOREIGN KEY ("manager_id")
  REFERENCES "users" ("id")
)[0m
  [1m[35m (0.1ms)[0m  [1m[35mCREATE INDEX "index_projects_on_manager_id" ON "projects" ("manager_id")[0m
  [1m[35m (0.1ms)[0m  [1m[35mCREATE INDEX "index_projects_on_status" ON "projects" ("status")[0m
  [1m[35m (0.1ms)[0m  [1m[35mCREATE INDEX "index_projects_on_manager_id" ON "projects" ("manager_id")[0m
  [1m[36mTRANSACTION (0.0ms)[0m  [1m[31mrollback transaction[0m
  
StandardError (An error has occurred, this and all later migrations canceled:

SQLite3::SQLException: index index_projects_on_manager_id already exists):
  
Started GET "/favicon.ico" for ::1 at 2026-05-23 21:49:11 +0530
  [1m[36mActiveRecord::SchemaMigration Load (0.0ms)[0m  [1m[34mSELECT "schema_migrations"."version" FROM "schema_migrations" ORDER BY "schema_migrations"."version" ASC[0m
  
ActiveRecord::PendingMigrationError (

Migrations are pending. To resolve this issue, run:

        bin/rails db:migrate

You have 2 pending migrations:

db/migrate/20240101000002_create_projects.rb
db/migrate/20240101000003_create_tasks.rb


):
  
activerecord (7.1.6) lib/active_record/migration.rb:755:in `check_pending_migrations'
activerecord (7.1.6) lib/active_record/migration.rb:644:in `block (2 levels) in call'
activesupport (7.1.6) lib/active_support/file_update_checker.rb:85:in `execute'
activerecord (7.1.6) lib/active_record/migration.rb:649:in `block in call'
activerecord (7.1.6) lib/active_record/migration.rb:641:in `synchronize'
activerecord (7.1.6) lib/active_record/migration.rb:641:in `call'
actionpack (7.1.6) lib/action_dispatch/middleware/callbacks.rb:29:in `block in call'
activesupport (7.1.6) lib/active_support/callbacks.rb:101:in `run_callbacks'
actionpack (7.1.6) lib/action_dispatch/middleware/callbacks.rb:28:in `call'
actionpack (7.1.6) lib/action_dispatch/middleware/executor.rb:14:in `call'
actionpack (7.1.6) lib/action_dispatch/middleware/actionable_exceptions.rb:16:in `call'
actionpack (7.1.6) lib/action_dispatch/middleware/debug_exceptions.rb:29:in `call'
actionpack (7.1.6) lib/action_dispatch/middleware/show_exceptions.rb:31:in `call'
railties (7.1.6) lib/rails/rack/logger.rb:37:in `call_app'
railties (7.1.6) lib/rails/rack/logger.rb:24:in `block in call'
activesupport (7.1.6) lib/active_support/tagged_logging.rb:139:in `block in tagged'
activesupport (7.1.6) lib/active_support/tagged_logging.rb:39:in `tagged'
activesupport (7.1.6) lib/active_support/tagged_logging.rb:139:in `tagged'
activesupport (7.1.6) lib/active_support/broadcast_logger.rb:241:in `method_missing'
railties (7.1.6) lib/rails/rack/logger.rb:24:in `call'
actionpack (7.1.6) lib/action_dispatch/middleware/remote_ip.rb:92:in `call'
actionpack (7.1.6) lib/action_dispatch/middleware/request_id.rb:28:in `call'
rack (3.2.6) lib/rack/runtime.rb:24:in `call'
activesupport (7.1.6) lib/active_support/cache/strategy/local_cache_middleware.rb:29:in `call'
actionpack (7.1.6) lib/action_dispatch/middleware/server_timing.rb:59:in `block in call'
actionpack (7.1.6) lib/action_dispatch/middleware/server_timing.rb:24:in `collect_events'
actionpack (7.1.6) lib/action_dispatch/middleware/server_timing.rb:58:in `call'
actionpack (7.1.6) lib/action_dispatch/middleware/executor.rb:14:in `call'
actionpack (7.1.6) lib/action_dispatch/middleware/static.rb:25:in `call'
rack (3.2.6) lib/rack/sendfile.rb:131:in `call'
actionpack (7.1.6) lib/action_dispatch/middleware/host_authorization.rb:141:in `call'
rack-cors (3.0.0) lib/rack/cors.rb:102:in `call'
railties (7.1.6) lib/rails/engine.rb:536:in `call'
puma (6.6.1) lib/puma/configuration.rb:279:in `call'
puma (6.6.1) lib/puma/request.rb:99:in `block in handle_request'
puma (6.6.1) lib/puma/thread_pool.rb:390:in `with_force_shutdown'
puma (6.6.1) lib/puma/request.rb:98:in `handle_request'
puma (6.6.1) lib/puma/server.rb:472:in `process_client'
puma (6.6.1) lib/puma/server.rb:254:in `block in run'
puma (6.6.1) lib/puma/thread_pool.rb:167:in `block in spawn_thread'
Started POST "/rails/actions" for ::1 at 2026-05-23 21:49:15 +0530
  [1m[36mActiveRecord::InternalMetadata Load (0.1ms)[0m  [1m[34mSELECT * FROM "ar_internal_metadata" WHERE "ar_internal_metadata"."key" = ? ORDER BY "ar_internal_metadata"."key" ASC LIMIT 1[0m  [[nil, "environment"]]
  [1m[36mActiveRecord::SchemaMigration Load (0.3ms)[0m  [1m[34mSELECT "schema_migrations"."version" FROM "schema_migrations" ORDER BY "schema_migrations"."version" ASC[0m
Migrating to CreateProjects (20240101000002)
  [1m[36mTRANSACTION (0.1ms)[0m  [1m[36mbegin transaction[0m
  [1m[35m (1.4ms)[0m  [1m[35mCREATE TABLE "projects" ("id" integer PRIMARY KEY AUTOINCREMENT NOT NULL, "name" varchar NOT NULL, "description" text, "status" varchar DEFAULT 'active' NOT NULL, "manager_id" integer NOT NULL, "created_at" datetime(6) NOT NULL, "updated_at" datetime(6) NOT NULL, CONSTRAINT "fk_rails_2f33b24e0d"
FOREIGN KEY ("manager_id")
  REFERENCES "users" ("id")
)[0m
  [1m[35m (0.2ms)[0m  [1m[35mCREATE INDEX "index_projects_on_manager_id" ON "projects" ("manager_id")[0m
  [1m[35m (0.2ms)[0m  [1m[35mCREATE INDEX "index_projects_on_status" ON "projects" ("status")[0m
  [1m[35m (0.2ms)[0m  [1m[35mCREATE INDEX "index_projects_on_manager_id" ON "projects" ("manager_id")[0m
  [1m[36mTRANSACTION (0.1ms)[0m  [1m[31mrollback transaction[0m
  
StandardError (An error has occurred, this and all later migrations canceled:

SQLite3::SQLException: index index_projects_on_manager_id already exists):
  
Started GET "/favicon.ico" for ::1 at 2026-05-23 21:49:16 +0530
  [1m[36mActiveRecord::SchemaMigration Load (0.0ms)[0m  [1m[34mSELECT "schema_migrations"."version" FROM "schema_migrations" ORDER BY "schema_migrations"."version" ASC[0m
  
ActiveRecord::PendingMigrationError (

Migrations are pending. To resolve this issue, run:

        bin/rails db:migrate

You have 2 pending migrations:

db/migrate/20240101000002_create_projects.rb
db/migrate/20240101000003_create_tasks.rb


):
  
activerecord (7.1.6) lib/active_record/migration.rb:755:in `check_pending_migrations'
activerecord (7.1.6) lib/active_record/migration.rb:644:in `block (2 levels) in call'
activesupport (7.1.6) lib/active_support/file_update_checker.rb:85:in `execute'
activerecord (7.1.6) lib/active_record/migration.rb:649:in `block in call'
activerecord (7.1.6) lib/active_record/migration.rb:641:in `synchronize'
activerecord (7.1.6) lib/active_record/migration.rb:641:in `call'
actionpack (7.1.6) lib/action_dispatch/middleware/callbacks.rb:29:in `block in call'
activesupport (7.1.6) lib/active_support/callbacks.rb:101:in `run_callbacks'
actionpack (7.1.6) lib/action_dispatch/middleware/callbacks.rb:28:in `call'
actionpack (7.1.6) lib/action_dispatch/middleware/executor.rb:14:in `call'
actionpack (7.1.6) lib/action_dispatch/middleware/actionable_exceptions.rb:16:in `call'
actionpack (7.1.6) lib/action_dispatch/middleware/debug_exceptions.rb:29:in `call'
actionpack (7.1.6) lib/action_dispatch/middleware/show_exceptions.rb:31:in `call'
railties (7.1.6) lib/rails/rack/logger.rb:37:in `call_app'
railties (7.1.6) lib/rails/rack/logger.rb:24:in `block in call'
activesupport (7.1.6) lib/active_support/tagged_logging.rb:139:in `block in tagged'
activesupport (7.1.6) lib/active_support/tagged_logging.rb:39:in `tagged'
activesupport (7.1.6) lib/active_support/tagged_logging.rb:139:in `tagged'
activesupport (7.1.6) lib/active_support/broadcast_logger.rb:241:in `method_missing'
railties (7.1.6) lib/rails/rack/logger.rb:24:in `call'
actionpack (7.1.6) lib/action_dispatch/middleware/remote_ip.rb:92:in `call'
actionpack (7.1.6) lib/action_dispatch/middleware/request_id.rb:28:in `call'
rack (3.2.6) lib/rack/runtime.rb:24:in `call'
activesupport (7.1.6) lib/active_support/cache/strategy/local_cache_middleware.rb:29:in `call'
actionpack (7.1.6) lib/action_dispatch/middleware/server_timing.rb:59:in `block in call'
actionpack (7.1.6) lib/action_dispatch/middleware/server_timing.rb:24:in `collect_events'
actionpack (7.1.6) lib/action_dispatch/middleware/server_timing.rb:58:in `call'
actionpack (7.1.6) lib/action_dispatch/middleware/executor.rb:14:in `call'
actionpack (7.1.6) lib/action_dispatch/middleware/static.rb:25:in `call'
rack (3.2.6) lib/rack/sendfile.rb:131:in `call'
actionpack (7.1.6) lib/action_dispatch/middleware/host_authorization.rb:141:in `call'
rack-cors (3.0.0) lib/rack/cors.rb:102:in `call'
railties (7.1.6) lib/rails/engine.rb:536:in `call'
puma (6.6.1) lib/puma/configuration.rb:279:in `call'
puma (6.6.1) lib/puma/request.rb:99:in `block in handle_request'
puma (6.6.1) lib/puma/thread_pool.rb:390:in `with_force_shutdown'
puma (6.6.1) lib/puma/request.rb:98:in `handle_request'
puma (6.6.1) lib/puma/server.rb:472:in `process_client'
puma (6.6.1) lib/puma/server.rb:254:in `block in run'
puma (6.6.1) lib/puma/thread_pool.rb:167:in `block in spawn_thread'
  [1m[36mActiveRecord::SchemaMigration Load (0.1ms)[0m  [1m[34mSELECT "schema_migrations"."version" FROM "schema_migrations" ORDER BY "schema_migrations"."version" ASC[0m
  [1m[36mActiveRecord::InternalMetadata Load (0.1ms)[0m  [1m[34mSELECT * FROM "ar_internal_metadata" WHERE "ar_internal_metadata"."key" = ? ORDER BY "ar_internal_metadata"."key" ASC LIMIT 1[0m  [[nil, "environment"]]
  [1m[36mActiveRecord::SchemaMigration Load (0.0ms)[0m  [1m[34mSELECT "schema_migrations"."version" FROM "schema_migrations" ORDER BY "schema_migrations"."version" ASC[0m
  [1m[36mActiveRecord::InternalMetadata Load (0.0ms)[0m  [1m[34mSELECT * FROM "ar_internal_metadata" WHERE "ar_internal_metadata"."key" = ? ORDER BY "ar_internal_metadata"."key" ASC LIMIT 1[0m  [[nil, "environment"]]
  [1m[36mActiveRecord::SchemaMigration Load (0.0ms)[0m  [1m[34mSELECT "schema_migrations"."version" FROM "schema_migrations" ORDER BY "schema_migrations"."version" ASC[0m
  [1m[36mActiveRecord::InternalMetadata Load (0.0ms)[0m  [1m[34mSELECT * FROM "ar_internal_metadata" WHERE "ar_internal_metadata"."key" = ? ORDER BY "ar_internal_metadata"."key" ASC LIMIT 1[0m  [[nil, "environment"]]
  [1m[35m (1.5ms)[0m  [1m[35mCREATE TABLE "schema_migrations" ("version" varchar NOT NULL PRIMARY KEY)[0m
  [1m[35m (0.3ms)[0m  [1m[35mCREATE TABLE "ar_internal_metadata" ("key" varchar NOT NULL PRIMARY KEY, "value" varchar, "created_at" datetime(6) NOT NULL, "updated_at" datetime(6) NOT NULL)[0m
  [1m[36mActiveRecord::InternalMetadata Load (0.1ms)[0m  [1m[34mSELECT * FROM "ar_internal_metadata" WHERE "ar_internal_metadata"."key" = ? ORDER BY "ar_internal_metadata"."key" ASC LIMIT 1[0m  [[nil, "environment"]]
  [1m[36mActiveRecord::InternalMetadata Create (0.3ms)[0m  [1m[32mINSERT INTO "ar_internal_metadata" ("key", "value", "created_at", "updated_at") VALUES ('environment', 'development', '2026-05-23 16:20:45.504259', '2026-05-23 16:20:45.504267') RETURNING "key"[0m
  [1m[36mActiveRecord::SchemaMigration Load (0.6ms)[0m  [1m[34mSELECT "schema_migrations"."version" FROM "schema_migrations" ORDER BY "schema_migrations"."version" ASC[0m
Migrating to CreateUsers (20240101000001)
  [1m[36mTRANSACTION (0.1ms)[0m  [1m[36mbegin transaction[0m
  [1m[35m (0.9ms)[0m  [1m[35mCREATE TABLE "users" ("id" integer PRIMARY KEY AUTOINCREMENT NOT NULL, "name" varchar NOT NULL, "email" varchar NOT NULL, "password_digest" varchar NOT NULL, "role" varchar DEFAULT 'employee' NOT NULL, "auth_token" varchar, "created_at" datetime(6) NOT NULL, "updated_at" datetime(6) NOT NULL)[0m
  [1m[35m (0.1ms)[0m  [1m[35mCREATE UNIQUE INDEX "index_users_on_email" ON "users" ("email")[0m
  [1m[35m (0.1ms)[0m  [1m[35mCREATE UNIQUE INDEX "index_users_on_auth_token" ON "users" ("auth_token")[0m
  [1m[36mActiveRecord::SchemaMigration Create (0.1ms)[0m  [1m[32mINSERT INTO "schema_migrations" ("version") VALUES ('20240101000001') RETURNING "version"[0m
  [1m[36mTRANSACTION (0.1ms)[0m  [1m[36mcommit transaction[0m
Migrating to CreateProjects (20240101000002)
  [1m[36mTRANSACTION (0.1ms)[0m  [1m[36mbegin transaction[0m
  [1m[35m (1.3ms)[0m  [1m[35mCREATE TABLE "projects" ("id" integer PRIMARY KEY AUTOINCREMENT NOT NULL, "name" varchar NOT NULL, "description" text, "status" varchar DEFAULT 'active' NOT NULL, "manager_id" integer NOT NULL, "created_at" datetime(6) NOT NULL, "updated_at" datetime(6) NOT NULL, CONSTRAINT "fk_rails_2f33b24e0d"
FOREIGN KEY ("manager_id")
  REFERENCES "users" ("id")
)[0m
  [1m[35m (0.1ms)[0m  [1m[35mCREATE INDEX "index_projects_on_manager_id" ON "projects" ("manager_id")[0m
  [1m[35m (0.1ms)[0m  [1m[35mCREATE INDEX "index_projects_on_status" ON "projects" ("status")[0m
  [1m[36mActiveRecord::SchemaMigration Create (0.1ms)[0m  [1m[32mINSERT INTO "schema_migrations" ("version") VALUES ('20240101000002') RETURNING "version"[0m
  [1m[36mTRANSACTION (0.1ms)[0m  [1m[36mcommit transaction[0m
Migrating to CreateTasks (20240101000003)
  [1m[36mTRANSACTION (0.1ms)[0m  [1m[36mbegin transaction[0m
  [1m[35m (1.4ms)[0m  [1m[35mCREATE TABLE "tasks" ("id" integer PRIMARY KEY AUTOINCREMENT NOT NULL, "title" varchar NOT NULL, "status" varchar DEFAULT 'pending' NOT NULL, "priority" varchar DEFAULT 'medium', "due_date" date, "project_id" integer NOT NULL, "assignee_id" integer NOT NULL, "created_at" datetime(6) NOT NULL, "updated_at" datetime(6) NOT NULL, CONSTRAINT "fk_rails_02e851e3b7"
FOREIGN KEY ("project_id")
  REFERENCES "projects" ("id")
, CONSTRAINT "fk_rails_0016c50613"
FOREIGN KEY ("assignee_id")
  REFERENCES "users" ("id")
)[0m
  [1m[35m (0.1ms)[0m  [1m[35mCREATE INDEX "index_tasks_on_project_id" ON "tasks" ("project_id")[0m
  [1m[35m (0.1ms)[0m  [1m[35mCREATE INDEX "index_tasks_on_assignee_id" ON "tasks" ("assignee_id")[0m
  [1m[35m (0.1ms)[0m  [1m[35mCREATE INDEX "index_tasks_on_status" ON "tasks" ("status")[0m
  [1m[35m (0.1ms)[0m  [1m[35mCREATE INDEX "index_tasks_on_priority" ON "tasks" ("priority")[0m
  [1m[35m (0.1ms)[0m  [1m[35mCREATE UNIQUE INDEX "index_tasks_on_project_and_title" ON "tasks" ("project_id", "title")[0m
  [1m[36mActiveRecord::SchemaMigration Create (0.1ms)[0m  [1m[32mINSERT INTO "schema_migrations" ("version") VALUES ('20240101000003') RETURNING "version"[0m
  [1m[36mTRANSACTION (0.1ms)[0m  [1m[36mcommit transaction[0m
  [1m[36mActiveRecord::SchemaMigration Load (0.0ms)[0m  [1m[34mSELECT "schema_migrations"."version" FROM "schema_migrations" ORDER BY "schema_migrations"."version" ASC[0m
  [1m[36mActiveRecord::SchemaMigration Load (0.0ms)[0m  [1m[34mSELECT "schema_migrations"."version" FROM "schema_migrations" ORDER BY "schema_migrations"."version" ASC[0m
  [1m[36mTask Load (0.1ms)[0m  [1m[34mSELECT "tasks".* FROM "tasks"[0m
  [1m[36mProject Load (0.1ms)[0m  [1m[34mSELECT "projects".* FROM "projects"[0m
  [1m[36mUser Load (0.2ms)[0m  [1m[34mSELECT "users".* FROM "users"[0m
  [1m[36mTRANSACTION (0.1ms)[0m  [1m[36mbegin transaction[0m
  [1m[36mUser Exists? (1.8ms)[0m  [1m[34mSELECT 1 AS one FROM "users" WHERE LOWER("users"."email") = LOWER(?) LIMIT ?[0m  [["email", "[FILTERED]"], ["LIMIT", 1]]
  [1m[36mUser Create (0.3ms)[0m  [1m[32mINSERT INTO "users" ("name", "email", "password_digest", "role", "auth_token", "created_at", "updated_at") VALUES (?, ?, ?, ?, ?, ?, ?) RETURNING "id"[0m  [["name", "Alice Admin"], ["email", "[FILTERED]"], ["password_digest", "[FILTERED]"], ["role", "admin"], ["auth_token", "[FILTERED]"], ["created_at", "2026-05-23 16:20:45.784939"], ["updated_at", "2026-05-23 16:20:45.784939"]]
  [1m[36mTRANSACTION (0.1ms)[0m  [1m[36mcommit transaction[0m
  [1m[36mTRANSACTION (0.1ms)[0m  [1m[36mbegin transaction[0m
  [1m[36mUser Exists? (1.1ms)[0m  [1m[34mSELECT 1 AS one FROM "users" WHERE LOWER("users"."email") = LOWER(?) LIMIT ?[0m  [["email", "[FILTERED]"], ["LIMIT", 1]]
  [1m[36mUser Create (0.1ms)[0m  [1m[32mINSERT INTO "users" ("name", "email", "password_digest", "role", "auth_token", "created_at", "updated_at") VALUES (?, ?, ?, ?, ?, ?, ?) RETURNING "id"[0m  [["name", "Bob Manager"], ["email", "[FILTERED]"], ["password_digest", "[FILTERED]"], ["role", "manager"], ["auth_token", "[FILTERED]"], ["created_at", "2026-05-23 16:20:45.974566"], ["updated_at", "2026-05-23 16:20:45.974566"]]
  [1m[36mTRANSACTION (0.1ms)[0m  [1m[36mcommit transaction[0m
  [1m[36mTRANSACTION (0.1ms)[0m  [1m[36mbegin transaction[0m
  [1m[36mUser Exists? (0.9ms)[0m  [1m[34mSELECT 1 AS one FROM "users" WHERE LOWER("users"."email") = LOWER(?) LIMIT ?[0m  [["email", "[FILTERED]"], ["LIMIT", 1]]
  [1m[36mUser Create (0.1ms)[0m  [1m[32mINSERT INTO "users" ("name", "email", "password_digest", "role", "auth_token", "created_at", "updated_at") VALUES (?, ?, ?, ?, ?, ?, ?) RETURNING "id"[0m  [["name", "Carol Manager"], ["email", "[FILTERED]"], ["password_digest", "[FILTERED]"], ["role", "manager"], ["auth_token", "[FILTERED]"], ["created_at", "2026-05-23 16:20:46.162278"], ["updated_at", "2026-05-23 16:20:46.162278"]]
  [1m[36mTRANSACTION (0.1ms)[0m  [1m[36mcommit transaction[0m
  [1m[36mTRANSACTION (0.1ms)[0m  [1m[36mbegin transaction[0m
  [1m[36mUser Exists? (0.9ms)[0m  [1m[34mSELECT 1 AS one FROM "users" WHERE LOWER("users"."email") = LOWER(?) LIMIT ?[0m  [["email", "[FILTERED]"], ["LIMIT", 1]]
  [1m[36mUser Create (0.3ms)[0m  [1m[32mINSERT INTO "users" ("name", "email", "password_digest", "role", "auth_token", "created_at", "updated_at") VALUES (?, ?, ?, ?, ?, ?, ?) RETURNING "id"[0m  [["name", "Employee 1"], ["email", "[FILTERED]"], ["password_digest", "[FILTERED]"], ["role", "employee"], ["auth_token", "[FILTERED]"], ["created_at", "2026-05-23 16:20:46.350906"], ["updated_at", "2026-05-23 16:20:46.350906"]]
  [1m[36mTRANSACTION (0.1ms)[0m  [1m[36mcommit transaction[0m
  [1m[36mTRANSACTION (0.1ms)[0m  [1m[36mbegin transaction[0m
  [1m[36mUser Exists? (0.9ms)[0m  [1m[34mSELECT 1 AS one FROM "users" WHERE LOWER("users"."email") = LOWER(?) LIMIT ?[0m  [["email", "[FILTERED]"], ["LIMIT", 1]]
  [1m[36mUser Create (0.1ms)[0m  [1m[32mINSERT INTO "users" ("name", "email", "password_digest", "role", "auth_token", "created_at", "updated_at") VALUES (?, ?, ?, ?, ?, ?, ?) RETURNING "id"[0m  [["name", "Employee 2"], ["email", "[FILTERED]"], ["password_digest", "[FILTERED]"], ["role", "employee"], ["auth_token", "[FILTERED]"], ["created_at", "2026-05-23 16:20:46.541969"], ["updated_at", "2026-05-23 16:20:46.541969"]]
  [1m[36mTRANSACTION (0.1ms)[0m  [1m[36mcommit transaction[0m
  [1m[36mTRANSACTION (0.1ms)[0m  [1m[36mbegin transaction[0m
  [1m[36mUser Exists? (0.9ms)[0m  [1m[34mSELECT 1 AS one FROM "users" WHERE LOWER("users"."email") = LOWER(?) LIMIT ?[0m  [["email", "[FILTERED]"], ["LIMIT", 1]]
  [1m[36mUser Create (0.1ms)[0m  [1m[32mINSERT INTO "users" ("name", "email", "password_digest", "role", "auth_token", "created_at", "updated_at") VALUES (?, ?, ?, ?, ?, ?, ?) RETURNING "id"[0m  [["name", "Employee 3"], ["email", "[FILTERED]"], ["password_digest", "[FILTERED]"], ["role", "employee"], ["auth_token", "[FILTERED]"], ["created_at", "2026-05-23 16:20:46.732619"], ["updated_at", "2026-05-23 16:20:46.732619"]]
  [1m[36mTRANSACTION (0.1ms)[0m  [1m[36mcommit transaction[0m
  [1m[36mTRANSACTION (0.1ms)[0m  [1m[36mbegin transaction[0m
  [1m[36mUser Exists? (0.9ms)[0m  [1m[34mSELECT 1 AS one FROM "users" WHERE LOWER("users"."email") = LOWER(?) LIMIT ?[0m  [["email", "[FILTERED]"], ["LIMIT", 1]]
  [1m[36mUser Create (0.1ms)[0m  [1m[32mINSERT INTO "users" ("name", "email", "password_digest", "role", "auth_token", "created_at", "updated_at") VALUES (?, ?, ?, ?, ?, ?, ?) RETURNING "id"[0m  [["name", "Employee 4"], ["email", "[FILTERED]"], ["password_digest", "[FILTERED]"], ["role", "employee"], ["auth_token", "[FILTERED]"], ["created_at", "2026-05-23 16:20:46.919731"], ["updated_at", "2026-05-23 16:20:46.919731"]]
  [1m[36mTRANSACTION (0.1ms)[0m  [1m[36mcommit transaction[0m
  [1m[36mUser Count (0.1ms)[0m  [1m[34mSELECT COUNT(*) FROM "users"[0m
  [1m[36mTRANSACTION (0.1ms)[0m  [1m[36mbegin transaction[0m
  [1m[36mProject Exists? (2.4ms)[0m  [1m[34mSELECT 1 AS one FROM "projects" WHERE LOWER("projects"."name") = LOWER(?) LIMIT ?[0m  [["name", "E-Commerce Platform"], ["LIMIT", 1]]
  [1m[36mProject Create (0.4ms)[0m  [1m[32mINSERT INTO "projects" ("name", "description", "status", "manager_id", "created_at", "updated_at") VALUES (?, ?, ?, ?, ?, ?) RETURNING "id"[0m  [["name", "E-Commerce Platform"], ["description", "Build a scalable e-commerce platform with Rails API and React frontend."], ["status", "active"], ["manager_id", 2], ["created_at", "2026-05-23 16:20:46.950145"], ["updated_at", "2026-05-23 16:20:46.950145"]]
  [1m[36mTRANSACTION (0.2ms)[0m  [1m[36mcommit transaction[0m
  [1m[36mTRANSACTION (0.1ms)[0m  [1m[36mbegin transaction[0m
  [1m[36mProject Exists? (4.0ms)[0m  [1m[34mSELECT 1 AS one FROM "projects" WHERE LOWER("projects"."name") = LOWER(?) LIMIT ?[0m  [["name", "Internal HR Portal"], ["LIMIT", 1]]
  [1m[36mProject Create (0.1ms)[0m  [1m[32mINSERT INTO "projects" ("name", "description", "status", "manager_id", "created_at", "updated_at") VALUES (?, ?, ?, ?, ?, ?) RETURNING "id"[0m  [["name", "Internal HR Portal"], ["description", "Automate leave management, payroll, and attendance tracking."], ["status", "active"], ["manager_id", 2], ["created_at", "2026-05-23 16:20:46.960873"], ["updated_at", "2026-05-23 16:20:46.960873"]]
  [1m[36mTRANSACTION (0.1ms)[0m  [1m[36mcommit transaction[0m
  [1m[36mTRANSACTION (0.0ms)[0m  [1m[36mbegin transaction[0m
  [1m[36mProject Exists? (0.8ms)[0m  [1m[34mSELECT 1 AS one FROM "projects" WHERE LOWER("projects"."name") = LOWER(?) LIMIT ?[0m  [["name", "Mobile Analytics Dashboard"], ["LIMIT", 1]]
  [1m[36mProject Create (0.2ms)[0m  [1m[32mINSERT INTO "projects" ("name", "description", "status", "manager_id", "created_at", "updated_at") VALUES (?, ?, ?, ?, ?, ?) RETURNING "id"[0m  [["name", "Mobile Analytics Dashboard"], ["description", "Real-time analytics dashboard with chart visualizations."], ["status", "on_hold"], ["manager_id", 3], ["created_at", "2026-05-23 16:20:46.965441"], ["updated_at", "2026-05-23 16:20:46.965441"]]
  [1m[36mTRANSACTION (0.1ms)[0m  [1m[36mcommit transaction[0m
  [1m[36mProject Count (0.1ms)[0m  [1m[34mSELECT COUNT(*) FROM "projects"[0m
  [1m[36mTRANSACTION (0.1ms)[0m  [1m[36mbegin transaction[0m
  [1m[36mTask Exists? (1.3ms)[0m  [1m[34mSELECT 1 AS one FROM "tasks" WHERE LOWER("tasks"."title") = LOWER(?) AND "tasks"."project_id" = ? LIMIT ?[0m  [["title", "Design database schema"], ["project_id", 1], ["LIMIT", 1]]
  [1m[36mTask Create (0.2ms)[0m  [1m[32mINSERT INTO "tasks" ("title", "status", "priority", "due_date", "project_id", "assignee_id", "created_at", "updated_at") VALUES (?, ?, ?, ?, ?, ?, ?, ?) RETURNING "id"[0m  [["title", "Design database schema"], ["status", "done"], ["priority", "high"], ["due_date", "2026-05-16"], ["project_id", 1], ["assignee_id", 4], ["created_at", "2026-05-23 16:20:46.981019"], ["updated_at", "2026-05-23 16:20:46.981019"]]
  [1m[36mTRANSACTION (0.2ms)[0m  [1m[36mcommit transaction[0m
  [1m[36mTRANSACTION (0.0ms)[0m  [1m[36mbegin transaction[0m
  [1m[36mTask Exists? (0.9ms)[0m  [1m[34mSELECT 1 AS one FROM "tasks" WHERE LOWER("tasks"."title") = LOWER(?) AND "tasks"."project_id" = ? LIMIT ?[0m  [["title", "Implement product API"], ["project_id", 1], ["LIMIT", 1]]
  [1m[36mTask Create (0.2ms)[0m  [1m[32mINSERT INTO "tasks" ("title", "status", "priority", "due_date", "project_id", "assignee_id", "created_at", "updated_at") VALUES (?, ?, ?, ?, ?, ?, ?, ?) RETURNING "id"[0m  [["title", "Implement product API"], ["status", "in_progress"], ["priority", "high"], ["due_date", "2026-05-26"], ["project_id", 1], ["assignee_id", 4], ["created_at", "2026-05-23 16:20:46.986110"], ["updated_at", "2026-05-23 16:20:46.986110"]]
  [1m[36mTRANSACTION (0.1ms)[0m  [1m[36mcommit transaction[0m
  [1m[36mTRANSACTION (0.0ms)[0m  [1m[36mbegin transaction[0m
  [1m[36mTask Exists? (0.9ms)[0m  [1m[34mSELECT 1 AS one FROM "tasks" WHERE LOWER("tasks"."title") = LOWER(?) AND "tasks"."project_id" = ? LIMIT ?[0m  [["title", "Integrate payment gateway"], ["project_id", 1], ["LIMIT", 1]]
  [1m[36mTask Create (0.2ms)[0m  [1m[32mINSERT INTO "tasks" ("title", "status", "priority", "due_date", "project_id", "assignee_id", "created_at", "updated_at") VALUES (?, ?, ?, ?, ?, ?, ?, ?) RETURNING "id"[0m  [["title", "Integrate payment gateway"], ["status", "pending"], ["priority", "critical"], ["due_date", "2026-06-02"], ["project_id", 1], ["assignee_id", 5], ["created_at", "2026-05-23 16:20:46.990696"], ["updated_at", "2026-05-23 16:20:46.990696"]]
  [1m[36mTRANSACTION (0.2ms)[0m  [1m[36mcommit transaction[0m
  [1m[36mTRANSACTION (0.0ms)[0m  [1m[36mbegin transaction[0m
  [1m[36mTask Exists? (0.8ms)[0m  [1m[34mSELECT 1 AS one FROM "tasks" WHERE LOWER("tasks"."title") = LOWER(?) AND "tasks"."project_id" = ? LIMIT ?[0m  [["title", "Write API documentation"], ["project_id", 1], ["LIMIT", 1]]
  [1m[36mTask Create (0.1ms)[0m  [1m[32mINSERT INTO "tasks" ("title", "status", "priority", "due_date", "project_id", "assignee_id", "created_at", "updated_at") VALUES (?, ?, ?, ?, ?, ?, ?, ?) RETURNING "id"[0m  [["title", "Write API documentation"], ["status", "pending"], ["priority", "medium"], ["due_date", "2026-06-06"], ["project_id", 1], ["assignee_id", 5], ["created_at", "2026-05-23 16:20:46.995541"], ["updated_at", "2026-05-23 16:20:46.995541"]]
  [1m[36mTRANSACTION (0.1ms)[0m  [1m[36mcommit transaction[0m
  [1m[36mTRANSACTION (0.1ms)[0m  [1m[36mbegin transaction[0m
  [1m[36mTask Exists? (1.0ms)[0m  [1m[34mSELECT 1 AS one FROM "tasks" WHERE LOWER("tasks"."title") = LOWER(?) AND "tasks"."project_id" = ? LIMIT ?[0m  [["title", "Setup authentication"], ["project_id", 2], ["LIMIT", 1]]
  [1m[36mTask Create (0.1ms)[0m  [1m[32mINSERT INTO "tasks" ("title", "status", "priority", "due_date", "project_id", "assignee_id", "created_at", "updated_at") VALUES (?, ?, ?, ?, ?, ?, ?, ?) RETURNING "id"[0m  [["title", "Setup authentication"], ["status", "done"], ["priority", "high"], ["due_date", "2026-05-18"], ["project_id", 2], ["assignee_id", 6], ["created_at", "2026-05-23 16:20:47.000023"], ["updated_at", "2026-05-23 16:20:47.000023"]]
  [1m[36mTRANSACTION (0.1ms)[0m  [1m[36mcommit transaction[0m
  [1m[36mTRANSACTION (0.0ms)[0m  [1m[36mbegin transaction[0m
  [1m[36mTask Exists? (0.8ms)[0m  [1m[34mSELECT 1 AS one FROM "tasks" WHERE LOWER("tasks"."title") = LOWER(?) AND "tasks"."project_id" = ? LIMIT ?[0m  [["title", "Leave request workflow"], ["project_id", 2], ["LIMIT", 1]]
  [1m[36mTask Create (0.2ms)[0m  [1m[32mINSERT INTO "tasks" ("title", "status", "priority", "due_date", "project_id", "assignee_id", "created_at", "updated_at") VALUES (?, ?, ?, ?, ?, ?, ?, ?) RETURNING "id"[0m  [["title", "Leave request workflow"], ["status", "review"], ["priority", "medium"], ["due_date", "2026-05-25"], ["project_id", 2], ["assignee_id", 6], ["created_at", "2026-05-23 16:20:47.003965"], ["updated_at", "2026-05-23 16:20:47.003965"]]
  [1m[36mTRANSACTION (0.1ms)[0m  [1m[36mcommit transaction[0m
  [1m[36mTRANSACTION (0.1ms)[0m  [1m[36mbegin transaction[0m
  [1m[36mTask Exists? (1.1ms)[0m  [1m[34mSELECT 1 AS one FROM "tasks" WHERE LOWER("tasks"."title") = LOWER(?) AND "tasks"."project_id" = ? LIMIT ?[0m  [["title", "Payroll calculation module"], ["project_id", 2], ["LIMIT", 1]]
  [1m[36mTask Create (0.1ms)[0m  [1m[32mINSERT INTO "tasks" ("title", "status", "priority", "due_date", "project_id", "assignee_id", "created_at", "updated_at") VALUES (?, ?, ?, ?, ?, ?, ?, ?) RETURNING "id"[0m  [["title", "Payroll calculation module"], ["status", "in_progress"], ["priority", "high"], ["due_date", "2026-05-30"], ["project_id", 2], ["assignee_id", 7], ["created_at", "2026-05-23 16:20:47.008969"], ["updated_at", "2026-05-23 16:20:47.008969"]]
  [1m[36mTRANSACTION (0.1ms)[0m  [1m[36mcommit transaction[0m
  [1m[36mTRANSACTION (0.1ms)[0m  [1m[36mbegin transaction[0m
  [1m[36mTask Exists? (3.1ms)[0m  [1m[34mSELECT 1 AS one FROM "tasks" WHERE LOWER("tasks"."title") = LOWER(?) AND "tasks"."project_id" = ? LIMIT ?[0m  [["title", "Email notification system"], ["project_id", 2], ["LIMIT", 1]]
  [1m[36mTask Create (0.1ms)[0m  [1m[32mINSERT INTO "tasks" ("title", "status", "priority", "due_date", "project_id", "assignee_id", "created_at", "updated_at") VALUES (?, ?, ?, ?, ?, ?, ?, ?) RETURNING "id"[0m  [["title", "Email notification system"], ["status", "pending"], ["priority", "low"], ["due_date", "2026-06-12"], ["project_id", 2], ["assignee_id", 7], ["created_at", "2026-05-23 16:20:47.015340"], ["updated_at", "2026-05-23 16:20:47.015340"]]
  [1m[36mTRANSACTION (0.1ms)[0m  [1m[36mcommit transaction[0m
  [1m[36mTRANSACTION (0.0ms)[0m  [1m[36mbegin transaction[0m
  [1m[36mTask Exists? (1.7ms)[0m  [1m[34mSELECT 1 AS one FROM "tasks" WHERE LOWER("tasks"."title") = LOWER(?) AND "tasks"."project_id" = ? LIMIT ?[0m  [["title", "Setup data pipeline"], ["project_id", 3], ["LIMIT", 1]]
  [1m[36mTask Create (0.2ms)[0m  [1m[32mINSERT INTO "tasks" ("title", "status", "priority", "due_date", "project_id", "assignee_id", "created_at", "updated_at") VALUES (?, ?, ?, ?, ?, ?, ?, ?) RETURNING "id"[0m  [["title", "Setup data pipeline"], ["status", "pending"], ["priority", "high"], ["due_date", "2026-06-07"], ["project_id", 3], ["assignee_id", 4], ["created_at", "2026-05-23 16:20:47.020326"], ["updated_at", "2026-05-23 16:20:47.020326"]]
  [1m[36mTRANSACTION (0.1ms)[0m  [1m[36mcommit transaction[0m
  [1m[36mTRANSACTION (0.0ms)[0m  [1m[36mbegin transaction[0m
  [1m[36mTask Exists? (0.8ms)[0m  [1m[34mSELECT 1 AS one FROM "tasks" WHERE LOWER("tasks"."title") = LOWER(?) AND "tasks"."project_id" = ? LIMIT ?[0m  [["title", "Build chart components"], ["project_id", 3], ["LIMIT", 1]]
  [1m[36mTask Create (0.1ms)[0m  [1m[32mINSERT INTO "tasks" ("title", "status", "priority", "due_date", "project_id", "assignee_id", "created_at", "updated_at") VALUES (?, ?, ?, ?, ?, ?, ?, ?) RETURNING "id"[0m  [["title", "Build chart components"], ["status", "pending"], ["priority", "medium"], ["due_date", "2026-06-10"], ["project_id", 3], ["assignee_id", 5], ["created_at", "2026-05-23 16:20:47.024550"], ["updated_at", "2026-05-23 16:20:47.024550"]]
  [1m[36mTRANSACTION (0.2ms)[0m  [1m[36mcommit transaction[0m
  [1m[36mTRANSACTION (0.1ms)[0m  [1m[36mbegin transaction[0m
  [1m[36mTask Exists? (1.0ms)[0m  [1m[34mSELECT 1 AS one FROM "tasks" WHERE LOWER("tasks"."title") = LOWER(?) AND "tasks"."project_id" = ? LIMIT ?[0m  [["title", "Real-time websocket feed"], ["project_id", 3], ["LIMIT", 1]]
  [1m[36mTask Create (0.1ms)[0m  [1m[32mINSERT INTO "tasks" ("title", "status", "priority", "due_date", "project_id", "assignee_id", "created_at", "updated_at") VALUES (?, ?, ?, ?, ?, ?, ?, ?) RETURNING "id"[0m  [["title", "Real-time websocket feed"], ["status", "pending"], ["priority", "critical"], ["due_date", "2026-06-17"], ["project_id", 3], ["assignee_id", 6], ["created_at", "2026-05-23 16:20:47.029024"], ["updated_at", "2026-05-23 16:20:47.029024"]]
  [1m[36mTRANSACTION (0.1ms)[0m  [1m[36mcommit transaction[0m
  [1m[36mTRANSACTION (0.0ms)[0m  [1m[36mbegin transaction[0m
  [1m[36mTask Exists? (0.9ms)[0m  [1m[34mSELECT 1 AS one FROM "tasks" WHERE LOWER("tasks"."title") = LOWER(?) AND "tasks"."project_id" = ? LIMIT ?[0m  [["title", "Mobile responsive layout"], ["project_id", 3], ["LIMIT", 1]]
  [1m[36mTask Create (0.1ms)[0m  [1m[32mINSERT INTO "tasks" ("title", "status", "priority", "due_date", "project_id", "assignee_id", "created_at", "updated_at") VALUES (?, ?, ?, ?, ?, ?, ?, ?) RETURNING "id"[0m  [["title", "Mobile responsive layout"], ["status", "pending"], ["priority", "low"], ["due_date", "2026-06-22"], ["project_id", 3], ["assignee_id", 7], ["created_at", "2026-05-23 16:20:47.033598"], ["updated_at", "2026-05-23 16:20:47.033598"]]
  [1m[36mTRANSACTION (0.1ms)[0m  [1m[36mcommit transaction[0m
  [1m[36mTask Count (0.1ms)[0m  [1m[34mSELECT COUNT(*) FROM "tasks"[0m
Started POST "/rails/actions" for ::1 at 2026-05-23 21:51:08 +0530
  [1m[36mActiveRecord::InternalMetadata Load (0.1ms)[0m  [1m[34mSELECT * FROM "ar_internal_metadata" WHERE "ar_internal_metadata"."key" = ? ORDER BY "ar_internal_metadata"."key" ASC LIMIT 1[0m  [[nil, "environment"]]
  [1m[36mActiveRecord::SchemaMigration Load (0.1ms)[0m  [1m[34mSELECT "schema_migrations"."version" FROM "schema_migrations" ORDER BY "schema_migrations"."version" ASC[0m
  [1m[36mCACHE ActiveRecord::SchemaMigration Load (0.0ms)[0m  [1m[34mSELECT "schema_migrations"."version" FROM "schema_migrations" ORDER BY "schema_migrations"."version" ASC[0m
Started GET "/login" for ::1 at 2026-05-23 21:51:08 +0530
  [1m[36mActiveRecord::SchemaMigration Load (0.1ms)[0m  [1m[34mSELECT "schema_migrations"."version" FROM "schema_migrations" ORDER BY "schema_migrations"."version" ASC[0m
  
ActionController::RoutingError (No route matches [GET] "/login"):
  
Started GET "/favicon.ico" for ::1 at 2026-05-23 21:51:09 +0530
  
ActionController::RoutingError (No route matches [GET] "/favicon.ico"):
  
Started GET "/login" for ::1 at 2026-05-23 21:51:10 +0530
  
ActionController::RoutingError (No route matches [GET] "/login"):
  
Started GET "/login" for ::1 at 2026-05-23 21:51:11 +0530
  
ActionController::RoutingError (No route matches [GET] "/login"):
  
Started GET "/login" for ::1 at 2026-05-23 21:51:12 +0530
  
ActionController::RoutingError (No route matches [GET] "/login"):
  
Started GET "/login" for ::1 at 2026-05-23 21:51:12 +0530
  
ActionController::RoutingError (No route matches [GET] "/login"):
  
Started GET "/login" for ::1 at 2026-05-23 21:51:13 +0530
  
ActionController::RoutingError (No route matches [GET] "/login"):
  
Started GET "/login" for ::1 at 2026-05-23 21:51:13 +0530
  
ActionController::RoutingError (No route matches [GET] "/login"):
  
Started GET "/login" for ::1 at 2026-05-23 21:51:13 +0530
  
ActionController::RoutingError (No route matches [GET] "/login"):
  
Started GET "/login" for ::1 at 2026-05-23 21:51:14 +0530
  
ActionController::RoutingError (No route matches [GET] "/login"):
  
Started POST "/api/v1/auth/login" for 127.0.0.1 at 2026-05-23 21:52:33 +0530
Processing by Api::V1::AuthController#login as */*
  Parameters: {"email"=>"[FILTERED]", "password"=>"[FILTERED]", "auth"=>{"email"=>"[FILTERED]", "password"=>"[FILTERED]"}}
  [1m[36mUser Load (0.3ms)[0m  [1m[34mSELECT "users".* FROM "users" WHERE "users"."email" = ? LIMIT ?[0m  [["email", "[FILTERED]"], ["LIMIT", 1]]
  ↳ app/controllers/api/v1/auth_controller.rb:21:in `login'
Completed 200 OK in 347ms (Views: 0.4ms | ActiveRecord: 2.6ms | Allocations: 17539)


Started POST "/api/v1/auth/login" for 127.0.0.1 at 2026-05-23 21:52:58 +0530
Processing by Api::V1::AuthController#login as */*
  Parameters: {"email"=>"[FILTERED]", "password"=>"[FILTERED]", "auth"=>{"email"=>"[FILTERED]", "password"=>"[FILTERED]"}}
  [1m[36mUser Load (0.1ms)[0m  [1m[34mSELECT "users".* FROM "users" WHERE "users"."email" = ? LIMIT ?[0m  [["email", "[FILTERED]"], ["LIMIT", 1]]
  ↳ app/controllers/api/v1/auth_controller.rb:21:in `login'
Completed 200 OK in 193ms (Views: 0.2ms | ActiveRecord: 0.1ms | Allocations: 530)


Started POST "/api/v1/auth/login" for 127.0.0.1 at 2026-05-23 21:53:03 +0530
Processing by Api::V1::AuthController#login as */*
  Parameters: {"email"=>"[FILTERED]", "password"=>"[FILTERED]", "auth"=>{"email"=>"[FILTERED]", "password"=>"[FILTERED]"}}
  [1m[36mUser Load (0.1ms)[0m  [1m[34mSELECT "users".* FROM "users" WHERE "users"."email" = ? LIMIT ?[0m  [["email", "[FILTERED]"], ["LIMIT", 1]]
  ↳ app/controllers/api/v1/auth_controller.rb:21:in `login'
Completed 200 OK in 190ms (Views: 0.3ms | ActiveRecord: 0.1ms | Allocations: 525)


Started GET "/api/v1/projects" for 127.0.0.1 at 2026-05-23 21:53:32 +0530
Processing by Api::V1::ProjectsController#index as */*
  [1m[36mUser Load (0.2ms)[0m  [1m[34mSELECT "users".* FROM "users" WHERE "users"."id" = ? LIMIT ?[0m  [["id", 1], ["LIMIT", 1]]
  ↳ app/controllers/application_controller.rb:19:in `authenticate_user!'
  [1m[36mProject Load (0.2ms)[0m  [1m[34mSELECT "projects".* FROM "projects" ORDER BY "projects"."created_at" DESC LIMIT ? OFFSET ?[0m  [["LIMIT", 10], ["OFFSET", 0]]
  ↳ app/controllers/api/v1/projects_controller.rb:15:in `index'
  [1m[36mUser Load (0.1ms)[0m  [1m[34mSELECT "users".* FROM "users" WHERE "users"."id" IN (?, ?)[0m  [["id", 3], ["id", 2]]
  ↳ app/controllers/api/v1/projects_controller.rb:15:in `index'
  [1m[36mTask Load (0.2ms)[0m  [1m[34mSELECT "tasks".* FROM "tasks" WHERE "tasks"."project_id" IN (?, ?, ?)[0m  [["project_id", 3], ["project_id", 2], ["project_id", 1]]
  ↳ app/controllers/api/v1/projects_controller.rb:15:in `index'
  [1m[36mUser Load (0.2ms)[0m  [1m[34mSELECT "users".* FROM "users" WHERE "users"."id" IN (?, ?, ?, ?)[0m  [["id", 4], ["id", 5], ["id", 6], ["id", 7]]
  ↳ app/controllers/api/v1/projects_controller.rb:15:in `index'
Completed 200 OK in 58ms (Views: 0.3ms | ActiveRecord: 1.4ms | Allocations: 25367)


Started GET "/api/v1/projects" for 127.0.0.1 at 2026-05-23 21:56:31 +0530
Processing by Api::V1::ProjectsController#index as */*
  [1m[36mUser Load (0.1ms)[0m  [1m[34mSELECT "users".* FROM "users" WHERE "users"."id" = ? LIMIT ?[0m  [["id", 1], ["LIMIT", 1]]
  ↳ app/controllers/application_controller.rb:19:in `authenticate_user!'
  [1m[36mProject Load (0.1ms)[0m  [1m[34mSELECT "projects".* FROM "projects" ORDER BY "projects"."created_at" DESC LIMIT ? OFFSET ?[0m  [["LIMIT", 10], ["OFFSET", 0]]
  ↳ app/controllers/api/v1/projects_controller.rb:15:in `index'
  [1m[36mUser Load (0.2ms)[0m  [1m[34mSELECT "users".* FROM "users" WHERE "users"."id" IN (?, ?)[0m  [["id", 3], ["id", 2]]
  ↳ app/controllers/api/v1/projects_controller.rb:15:in `index'
  [1m[36mTask Load (0.2ms)[0m  [1m[34mSELECT "tasks".* FROM "tasks" WHERE "tasks"."project_id" IN (?, ?, ?)[0m  [["project_id", 3], ["project_id", 2], ["project_id", 1]]
  ↳ app/controllers/api/v1/projects_controller.rb:15:in `index'
  [1m[36mUser Load (0.2ms)[0m  [1m[34mSELECT "users".* FROM "users" WHERE "users"."id" IN (?, ?, ?, ?)[0m  [["id", 4], ["id", 5], ["id", 6], ["id", 7]]
  ↳ app/controllers/api/v1/projects_controller.rb:15:in `index'
Completed 200 OK in 13ms (Views: 0.5ms | ActiveRecord: 0.8ms | Allocations: 4562)


Started GET "/api/v1/tasks" for 127.0.0.1 at 2026-05-23 21:56:40 +0530
Processing by Api::V1::TasksController#index as */*
  [1m[36mUser Load (0.1ms)[0m  [1m[34mSELECT "users".* FROM "users" WHERE "users"."id" = ? LIMIT ?[0m  [["id", 1], ["LIMIT", 1]]
  ↳ app/controllers/application_controller.rb:19:in `authenticate_user!'
  [1m[36mTask Load (0.2ms)[0m  [1m[34mSELECT "tasks".* FROM "tasks" ORDER BY created_at asc LIMIT ? OFFSET ?[0m  [["LIMIT", 15], ["OFFSET", 0]]
  ↳ app/controllers/api/v1/tasks_controller.rb:18:in `index'
  [1m[36mProject Load (0.1ms)[0m  [1m[34mSELECT "projects".* FROM "projects" WHERE "projects"."id" IN (?, ?, ?)[0m  [["id", 1], ["id", 2], ["id", 3]]
  ↳ app/controllers/api/v1/tasks_controller.rb:18:in `index'
  [1m[36mUser Load (0.1ms)[0m  [1m[34mSELECT "users".* FROM "users" WHERE "users"."id" IN (?, ?, ?, ?)[0m  [["id", 4], ["id", 5], ["id", 6], ["id", 7]]
  ↳ app/controllers/api/v1/tasks_controller.rb:18:in `index'
Completed 200 OK in 8ms (Views: 0.5ms | ActiveRecord: 0.5ms | Allocations: 5154)


Started GET "/api/v1/tasks" for 127.0.0.1 at 2026-05-23 21:56:43 +0530
Processing by Api::V1::TasksController#index as */*
  [1m[36mUser Load (0.1ms)[0m  [1m[34mSELECT "users".* FROM "users" WHERE "users"."id" = ? LIMIT ?[0m  [["id", 1], ["LIMIT", 1]]
  ↳ app/controllers/application_controller.rb:19:in `authenticate_user!'
  [1m[36mTask Load (0.4ms)[0m  [1m[34mSELECT "tasks".* FROM "tasks" ORDER BY created_at asc LIMIT ? OFFSET ?[0m  [["LIMIT", 15], ["OFFSET", 0]]
  ↳ app/controllers/api/v1/tasks_controller.rb:18:in `index'
  [1m[36mProject Load (0.2ms)[0m  [1m[34mSELECT "projects".* FROM "projects" WHERE "projects"."id" IN (?, ?, ?)[0m  [["id", 1], ["id", 2], ["id", 3]]
  ↳ app/controllers/api/v1/tasks_controller.rb:18:in `index'
  [1m[36mUser Load (0.2ms)[0m  [1m[34mSELECT "users".* FROM "users" WHERE "users"."id" IN (?, ?, ?, ?)[0m  [["id", 4], ["id", 5], ["id", 6], ["id", 7]]
  ↳ app/controllers/api/v1/tasks_controller.rb:18:in `index'
Completed 200 OK in 9ms (Views: 0.6ms | ActiveRecord: 0.9ms | Allocations: 4451)


Started POST "/api/v1/auth/login" for 127.0.0.1 at 2026-05-23 21:56:46 +0530
Processing by Api::V1::AuthController#login as */*
  Parameters: {"email"=>"[FILTERED]", "password"=>"[FILTERED]", "auth"=>{"email"=>"[FILTERED]", "password"=>"[FILTERED]"}}
  [1m[36mUser Load (0.1ms)[0m  [1m[34mSELECT "users".* FROM "users" WHERE "users"."email" = ? LIMIT ?[0m  [["email", "[FILTERED]"], ["LIMIT", 1]]
  ↳ app/controllers/api/v1/auth_controller.rb:21:in `login'
Completed 200 OK in 185ms (Views: 0.2ms | ActiveRecord: 0.1ms | Allocations: 517)


Started POST "/api/v1/tasks" for 127.0.0.1 at 2026-05-23 21:56:47 +0530
Processing by Api::V1::TasksController#create as */*
  Parameters: {"title"=>"New CI task", "project_id"=>1, "assignee_id"=>4, "status"=>"pending", "priority"=>"high", "task"=>{"title"=>"New CI task", "status"=>"pending", "priority"=>"high", "project_id"=>1, "assignee_id"=>4}}
  [1m[36mUser Load (0.1ms)[0m  [1m[34mSELECT "users".* FROM "users" WHERE "users"."id" = ? LIMIT ?[0m  [["id", 2], ["LIMIT", 1]]
  ↳ app/controllers/application_controller.rb:19:in `authenticate_user!'
[31mUnpermitted parameter: :task. Context: { controller: Api::V1::TasksController, action: create, request: #<ActionDispatch::Request:0x00007fa25c374398>, params: {"title"=>"New CI task", "project_id"=>1, "assignee_id"=>4, "status"=>"pending", "priority"=>"high", "controller"=>"api/v1/tasks", "action"=>"create", "task"=>{"title"=>"New CI task", "status"=>"pending", "priority"=>"high", "project_id"=>1, "assignee_id"=>4}} }[0m
  [1m[36mProject Load (0.2ms)[0m  [1m[34mSELECT "projects".* FROM "projects" WHERE "projects"."id" = ? LIMIT ?[0m  [["id", 1], ["LIMIT", 1]]
  ↳ app/policies/task_policy.rb:21:in `create?'
  [1m[36mTRANSACTION (0.1ms)[0m  [1m[36mbegin transaction[0m
  ↳ app/controllers/api/v1/tasks_controller.rb:34:in `create'
  [1m[36mUser Load (0.7ms)[0m  [1m[34mSELECT "users".* FROM "users" WHERE "users"."id" = ? LIMIT ?[0m  [["id", 4], ["LIMIT", 1]]
  ↳ app/controllers/api/v1/tasks_controller.rb:34:in `create'
  [1m[36mTask Exists? (0.1ms)[0m  [1m[34mSELECT 1 AS one FROM "tasks" WHERE LOWER("tasks"."title") = LOWER(?) AND "tasks"."project_id" = ? LIMIT ?[0m  [["title", "New CI task"], ["project_id", 1], ["LIMIT", 1]]
  ↳ app/controllers/api/v1/tasks_controller.rb:34:in `create'
  [1m[36mTask Create (0.1ms)[0m  [1m[32mINSERT INTO "tasks" ("title", "status", "priority", "due_date", "project_id", "assignee_id", "created_at", "updated_at") VALUES (?, ?, ?, ?, ?, ?, ?, ?) RETURNING "id"[0m  [["title", "New CI task"], ["status", "pending"], ["priority", "high"], ["due_date", nil], ["project_id", 1], ["assignee_id", 4], ["created_at", "2026-05-23 16:26:47.223190"], ["updated_at", "2026-05-23 16:26:47.223190"]]
  ↳ app/controllers/api/v1/tasks_controller.rb:34:in `create'
  [1m[36mTRANSACTION (1.5ms)[0m  [1m[36mcommit transaction[0m
  ↳ app/controllers/api/v1/tasks_controller.rb:34:in `create'
  [1m[36mTask Load (0.7ms)[0m  [1m[34mSELECT "tasks".* FROM "tasks" WHERE "tasks"."id" = ? LIMIT ?[0m  [["id", 13], ["LIMIT", 1]]
  ↳ app/controllers/api/v1/tasks_controller.rb:35:in `create'
  [1m[36mUser Load (0.0ms)[0m  [1m[34mSELECT "users".* FROM "users" WHERE "users"."id" = ? LIMIT ?[0m  [["id", 4], ["LIMIT", 1]]
  ↳ app/controllers/api/v1/tasks_controller.rb:39:in `create'
  [1m[36mProject Load (0.0ms)[0m  [1m[34mSELECT "projects".* FROM "projects" WHERE "projects"."id" = ? LIMIT ?[0m  [["id", 1], ["LIMIT", 1]]
  ↳ app/controllers/api/v1/tasks_controller.rb:39:in `create'
Completed 201 Created in 23ms (Views: 0.2ms | ActiveRecord: 3.6ms | Allocations: 8655)


Started POST "/api/v1/auth/login" for 127.0.0.1 at 2026-05-23 21:56:51 +0530
Processing by Api::V1::AuthController#login as */*
  Parameters: {"email"=>"[FILTERED]", "password"=>"[FILTERED]", "auth"=>{"email"=>"[FILTERED]", "password"=>"[FILTERED]"}}
  [1m[36mUser Load (0.1ms)[0m  [1m[34mSELECT "users".* FROM "users" WHERE "users"."email" = ? LIMIT ?[0m  [["email", "[FILTERED]"], ["LIMIT", 1]]
  ↳ app/controllers/api/v1/auth_controller.rb:21:in `login'
Completed 200 OK in 187ms (Views: 0.2ms | ActiveRecord: 0.1ms | Allocations: 518)


Started POST "/api/v1/tasks" for 127.0.0.1 at 2026-05-23 21:56:51 +0530
Processing by Api::V1::TasksController#create as */*
  Parameters: {"title"=>"Sneaky task", "project_id"=>1, "assignee_id"=>4, "status"=>"pending", "task"=>{"title"=>"Sneaky task", "status"=>"pending", "project_id"=>1, "assignee_id"=>4}}
  [1m[36mUser Load (0.1ms)[0m  [1m[34mSELECT "users".* FROM "users" WHERE "users"."id" = ? LIMIT ?[0m  [["id", 4], ["LIMIT", 1]]
  ↳ app/controllers/application_controller.rb:19:in `authenticate_user!'
[31mUnpermitted parameter: :task. Context: { controller: Api::V1::TasksController, action: create, request: #<ActionDispatch::Request:0x00007fa257d89a68>, params: {"title"=>"Sneaky task", "project_id"=>1, "assignee_id"=>4, "status"=>"pending", "controller"=>"api/v1/tasks", "action"=>"create", "task"=>{"title"=>"Sneaky task", "status"=>"pending", "project_id"=>1, "assignee_id"=>4}} }[0m
  [1m[36mProject Load (0.1ms)[0m  [1m[34mSELECT "projects".* FROM "projects" WHERE "projects"."id" = ? LIMIT ?[0m  [["id", 1], ["LIMIT", 1]]
  ↳ app/policies/task_policy.rb:21:in `create?'
Completed 403 Forbidden in 3ms (Views: 0.1ms | ActiveRecord: 0.1ms | Allocations: 1234)


Started GET "/login" for ::1 at 2026-05-23 22:03:25 +0530
  
ActionController::RoutingError (No route matches [GET] "/login"):
  
Started GET "/" for ::1 at 2026-05-23 22:03:34 +0530
Processing by Rails::WelcomeController#index as HTML
  Rendering /home/lenovo/.rvm/gems/ruby-3.2.9/gems/railties-7.1.6/lib/rails/templates/rails/welcome/index.html.erb
  Rendered /home/lenovo/.rvm/gems/ruby-3.2.9/gems/railties-7.1.6/lib/rails/templates/rails/welcome/index.html.erb (Duration: 0.7ms | Allocations: 282)
Completed 200 OK in 3ms (Views: 1.7ms | ActiveRecord: 0.0ms | Allocations: 1264)


Started GET "/" for ::1 at 2026-05-23 22:03:37 +0530
Processing by Rails::WelcomeController#index as HTML
  Rendering /home/lenovo/.rvm/gems/ruby-3.2.9/gems/railties-7.1.6/lib/rails/templates/rails/welcome/index.html.erb
  Rendered /home/lenovo/.rvm/gems/ruby-3.2.9/gems/railties-7.1.6/lib/rails/templates/rails/welcome/index.html.erb (Duration: 0.1ms | Allocations: 15)
Completed 200 OK in 1ms (Views: 0.5ms | ActiveRecord: 0.0ms | Allocations: 172)


Started GET "/login" for ::1 at 2026-05-23 22:03:41 +0530
  
ActionController::RoutingError (No route matches [GET] "/login"):
  
Started POST "/api/v1/auth/login" for ::1 at 2026-05-23 22:12:59 +0530
Processing by Api::V1::AuthController#login as */*
  Parameters: {"email"=>"[FILTERED]", "password"=>"[FILTERED]", "auth"=>{"email"=>"[FILTERED]", "password"=>"[FILTERED]"}}
  [1m[36mUser Load (0.9ms)[0m  [1m[34mSELECT "users".* FROM "users" WHERE "users"."email" = ? LIMIT ?[0m  [["email", "[FILTERED]"], ["LIMIT", 1]]
  ↳ app/controllers/api/v1/auth_controller.rb:21:in `login'
Completed 200 OK in 195ms (Views: 0.2ms | ActiveRecord: 1.5ms | Allocations: 800)


Started POST "/api/v1/auth/login" for ::1 at 2026-05-23 22:13:28 +0530
Processing by Api::V1::AuthController#login as */*
  Parameters: {"email"=>"[FILTERED]", "password"=>"[FILTERED]", "auth"=>{"email"=>"[FILTERED]", "password"=>"[FILTERED]"}}
  [1m[36mUser Load (0.1ms)[0m  [1m[34mSELECT "users".* FROM "users" WHERE "users"."email" = ? LIMIT ?[0m  [["email", "[FILTERED]"], ["LIMIT", 1]]
  ↳ app/controllers/api/v1/auth_controller.rb:21:in `login'
Completed 200 OK in 194ms (Views: 0.2ms | ActiveRecord: 0.1ms | Allocations: 516)


Started GET "/api/v1/auth/me" for ::1 at 2026-05-23 22:13:41 +0530
Processing by Api::V1::AuthController#me as */*
Completed 401 Unauthorized in 1ms (Views: 0.2ms | ActiveRecord: 0.0ms | Allocations: 97)


Started GET "/api/v1/projects?page=1&per_page=10" for ::1 at 2026-05-23 22:14:01 +0530
Processing by Api::V1::ProjectsController#index as */*
  Parameters: {"page"=>"1", "per_page"=>"10"}
Completed 401 Unauthorized in 0ms (Views: 0.1ms | ActiveRecord: 0.0ms | Allocations: 81)


Started POST "/api/v1/auth/login" for ::1 at 2026-05-23 22:14:26 +0530
Processing by Api::V1::AuthController#login as */*
  Parameters: {"email"=>"[FILTERED]", "password"=>"[FILTERED]", "auth"=>{"email"=>"[FILTERED]", "password"=>"[FILTERED]"}}
  [1m[36mUser Load (0.1ms)[0m  [1m[34mSELECT "users".* FROM "users" WHERE "users"."email" = ? LIMIT ?[0m  [["email", "[FILTERED]"], ["LIMIT", 1]]
  ↳ app/controllers/api/v1/auth_controller.rb:21:in `login'
Completed 200 OK in 206ms (Views: 0.2ms | ActiveRecord: 0.1ms | Allocations: 520)


Started POST "/api/v1/projects" for ::1 at 2026-05-23 22:15:30 +0530
Processing by Api::V1::ProjectsController#create as */*
  Parameters: {"name"=>"New Test Project", "description"=>"Created via Postman", "status"=>"active", "manager_id"=>2, "project"=>{"name"=>"New Test Project", "description"=>"Created via Postman", "status"=>"active", "manager_id"=>2}}
Completed 401 Unauthorized in 0ms (Views: 0.1ms | ActiveRecord: 0.0ms | Allocations: 71)


Started POST "/api/v1/auth/login" for ::1 at 2026-05-23 22:15:55 +0530
Processing by Api::V1::AuthController#login as */*
  Parameters: {"email"=>"[FILTERED]", "password"=>"[FILTERED]", "auth"=>{"email"=>"[FILTERED]", "password"=>"[FILTERED]"}}
  [1m[36mUser Load (0.1ms)[0m  [1m[34mSELECT "users".* FROM "users" WHERE "users"."email" = ? LIMIT ?[0m  [["email", "[FILTERED]"], ["LIMIT", 1]]
  ↳ app/controllers/api/v1/auth_controller.rb:21:in `login'
Completed 200 OK in 188ms (Views: 0.2ms | ActiveRecord: 0.1ms | Allocations: 517)


Started POST "/api/v1/auth/login" for ::1 at 2026-05-23 22:16:18 +0530
Processing by Api::V1::AuthController#login as */*
  Parameters: {"email"=>"[FILTERED]", "password"=>"[FILTERED]", "auth"=>{"email"=>"[FILTERED]", "password"=>"[FILTERED]"}}
  [1m[36mUser Load (0.1ms)[0m  [1m[34mSELECT "users".* FROM "users" WHERE "users"."email" = ? LIMIT ?[0m  [["email", "[FILTERED]"], ["LIMIT", 1]]
  ↳ app/controllers/api/v1/auth_controller.rb:21:in `login'
Completed 200 OK in 192ms (Views: 0.2ms | ActiveRecord: 0.1ms | Allocations: 522)


Started POST "/api/v1/auth/register" for ::1 at 2026-05-23 22:16:57 +0530
Processing by Api::V1::AuthController#register as */*
  Parameters: {"name"=>"Test User", "email"=>"[FILTERED]", "password"=>"[FILTERED]", "password_confirmation"=>"[FILTERED]", "role"=>"employee", "auth"=>{"name"=>"Test User", "email"=>"[FILTERED]", "password"=>"[FILTERED]", "password_confirmation"=>"[FILTERED]", "role"=>"employee"}}
[31mUnpermitted parameter: :auth. Context: { controller: Api::V1::AuthController, action: register, request: #<ActionDispatch::Request:0x00007fa25c953d40>, params: {"name"=>"Test User", "email"=>"[FILTERED]", "password"=>"[FILTERED]", "password_confirmation"=>"[FILTERED]", "role"=>"employee", "controller"=>"api/v1/auth", "action"=>"register", "auth"=>{"name"=>"Test User", "email"=>"[FILTERED]", "password"=>"[FILTERED]", "password_confirmation"=>"[FILTERED]", "role"=>"employee"}} }[0m
  [1m[36mTRANSACTION (0.1ms)[0m  [1m[36mbegin transaction[0m
  ↳ app/controllers/api/v1/auth_controller.rb:9:in `register'
  [1m[36mUser Exists? (0.8ms)[0m  [1m[34mSELECT 1 AS one FROM "users" WHERE LOWER("users"."email") = LOWER(?) LIMIT ?[0m  [["email", "[FILTERED]"], ["LIMIT", 1]]
  ↳ app/controllers/api/v1/auth_controller.rb:9:in `register'
  [1m[36mUser Create (0.2ms)[0m  [1m[32mINSERT INTO "users" ("name", "email", "password_digest", "role", "auth_token", "created_at", "updated_at") VALUES (?, ?, ?, ?, ?, ?, ?) RETURNING "id"[0m  [["name", "Test User"], ["email", "[FILTERED]"], ["password_digest", "[FILTERED]"], ["role", "employee"], ["auth_token", "[FILTERED]"], ["created_at", "2026-05-23 16:46:58.139827"], ["updated_at", "2026-05-23 16:46:58.139827"]]
  ↳ app/controllers/api/v1/auth_controller.rb:9:in `register'
  [1m[36mTRANSACTION (6.7ms)[0m  [1m[36mcommit transaction[0m
  ↳ app/controllers/api/v1/auth_controller.rb:9:in `register'
Completed 201 Created in 202ms (Views: 0.3ms | ActiveRecord: 7.7ms | Allocations: 3019)


Started POST "/api/v1/auth/register" for ::1 at 2026-05-23 22:17:28 +0530
Processing by Api::V1::AuthController#register as */*
  Parameters: {"name"=>"Test User", "email"=>"[FILTERED]", "password"=>"[FILTERED]", "password_confirmation"=>"[FILTERED]", "role"=>"employee", "auth"=>{"name"=>"Test User", "email"=>"[FILTERED]", "password"=>"[FILTERED]", "password_confirmation"=>"[FILTERED]", "role"=>"employee"}}
[31mUnpermitted parameter: :auth. Context: { controller: Api::V1::AuthController, action: register, request: #<ActionDispatch::Request:0x00007fa257e15b58>, params: {"name"=>"Test User", "email"=>"[FILTERED]", "password"=>"[FILTERED]", "password_confirmation"=>"[FILTERED]", "role"=>"employee", "controller"=>"api/v1/auth", "action"=>"register", "auth"=>{"name"=>"Test User", "email"=>"[FILTERED]", "password"=>"[FILTERED]", "password_confirmation"=>"[FILTERED]", "role"=>"employee"}} }[0m
  [1m[36mTRANSACTION (0.1ms)[0m  [1m[36mbegin transaction[0m
  ↳ app/controllers/api/v1/auth_controller.rb:9:in `register'
  [1m[36mUser Exists? (0.8ms)[0m  [1m[34mSELECT 1 AS one FROM "users" WHERE LOWER("users"."email") = LOWER(?) LIMIT ?[0m  [["email", "[FILTERED]"], ["LIMIT", 1]]
  ↳ app/controllers/api/v1/auth_controller.rb:9:in `register'
  [1m[36mTRANSACTION (0.0ms)[0m  [1m[31mrollback transaction[0m
  ↳ app/controllers/api/v1/auth_controller.rb:9:in `register'
Completed 422 Unprocessable Content in 196ms (Views: 0.2ms | ActiveRecord: 0.9ms | Allocations: 3039)


